11/08/2022 10:51:32 - WARNING - __main__ - Process rank: -1, device: cuda:0, n_gpu: 1distributed training: False, 16-bits training: False
11/08/2022 10:51:32 - INFO - __main__ - Training/evaluation parameters TrainingArguments(
_n_gpu=1,
adafactor=False,
adam_beta1=0.9,
adam_beta2=0.999,
adam_epsilon=1e-08,
dataloader_drop_last=False,
dataloader_num_workers=0,
dataloader_pin_memory=True,
ddp_find_unused_parameters=None,
debug=[],
deepspeed=None,
disable_tqdm=False,
do_eval=True,
do_predict=False,
do_train=True,
eval_accumulation_steps=None,
eval_steps=None,
evaluation_strategy=IntervalStrategy.NO,
fp16=False,
fp16_backend=auto,
fp16_full_eval=False,
fp16_opt_level=O1,
gradient_accumulation_steps=1,
gradient_checkpointing=False,
greater_is_better=None,
group_by_length=False,
hub_model_id=None,
hub_strategy=HubStrategy.EVERY_SAVE,
hub_token=<HUB_TOKEN>,
ignore_data_skip=False,
label_names=None,
label_smoothing_factor=0.0,
learning_rate=2e-05,
length_column_name=length,
load_best_model_at_end=False,
local_rank=-1,
log_level=-1,
log_level_replica=-1,
log_on_each_node=True,
logging_dir=chkpts/aflite_embedding_models/d-social-roberta-base/runs/Nov08_10-51-32_clip02.umiacs.umd.edu,
logging_first_step=False,
logging_nan_inf_filter=True,
logging_steps=500,
logging_strategy=IntervalStrategy.STEPS,
lr_scheduler_type=SchedulerType.LINEAR,
max_grad_norm=1.0,
max_steps=-1,
metric_for_best_model=None,
mp_parameters=,
no_cuda=False,
num_train_epochs=2.0,
output_dir=chkpts/aflite_embedding_models/d-social-roberta-base,
overwrite_output_dir=True,
past_index=-1,
per_device_eval_batch_size=8,
per_device_train_batch_size=32,
prediction_loss_only=False,
push_to_hub=False,
push_to_hub_model_id=None,
push_to_hub_organization=None,
push_to_hub_token=<PUSH_TO_HUB_TOKEN>,
remove_unused_columns=True,
report_to=[],
resume_from_checkpoint=None,
run_name=chkpts/aflite_embedding_models/d-social-roberta-base,
save_on_each_node=False,
save_steps=500,
save_strategy=IntervalStrategy.EPOCH,
save_total_limit=None,
seed=42,
sharded_ddp=[],
skip_memory_metrics=True,
tpu_metrics_debug=False,
tpu_num_cores=None,
use_legacy_prediction_loop=False,
warmup_ratio=0.0,
warmup_steps=0,
weight_decay=0.0,
xpu_backend=None,
)
11/08/2022 10:51:32 - INFO - __main__ - load a local file for train: /fs/clip-scratch/nehasrik/paraphrase-nlu/data_selection/defeasible/social/aflite_train.csv
11/08/2022 10:51:32 - INFO - __main__ - load a local file for validation: /fs/clip-scratch/nehasrik/paraphrase-nlu/data_selection/defeasible/social/aflite_dev.csv
11/08/2022 10:51:33 - WARNING - datasets.builder - Using custom data configuration default-afd8a29bd4d00ad1
11/08/2022 10:51:33 - INFO - datasets.info - Loading Dataset Infos from /fs/clip-scratch/nehasrik/miniconda3/envs/para-nlu/lib/python3.7/site-packages/datasets/packaged_modules/csv
11/08/2022 10:51:33 - INFO - datasets.builder - Generating dataset csv (/fs/clip-scratch/nehasrik/paraphrase-nlu/modeling/hf-cache/csv/default-afd8a29bd4d00ad1/0.0.0/6b34fb8fcf56f7c8ba51dc895bfa2bfbe43546f190a60fcf74bb5e8afdcc2317)
Downloading and preparing dataset csv/default to /fs/clip-scratch/nehasrik/paraphrase-nlu/modeling/hf-cache/csv/default-afd8a29bd4d00ad1/0.0.0/6b34fb8fcf56f7c8ba51dc895bfa2bfbe43546f190a60fcf74bb5e8afdcc2317...

Downloading data files:   0%|          | 0/2 [00:00<?, ?it/s]
Downloading data files: 100%|██████████| 2/2 [00:00<00:00, 10472.67it/s]11/08/2022 10:51:33 - INFO - datasets.download.download_manager - Downloading took 0.0 min
11/08/2022 10:51:33 - INFO - datasets.download.download_manager - Checksum Computation took 0.0 min


Extracting data files:   0%|          | 0/2 [00:00<?, ?it/s]
Extracting data files: 100%|██████████| 2/2 [00:00<00:00, 345.37it/s]11/08/2022 10:51:33 - INFO - datasets.utils.info_utils - Unable to verify checksums.
11/08/2022 10:51:33 - INFO - datasets.builder - Generating train split


0 tables [00:00, ? tables/s]
                            11/08/2022 10:51:33 - INFO - datasets.builder - Generating validation split


0 tables [00:00, ? tables/s]
                            11/08/2022 10:51:33 - INFO - datasets.utils.info_utils - Unable to verify splits sizes.

Dataset csv downloaded and prepared to /fs/clip-scratch/nehasrik/paraphrase-nlu/modeling/hf-cache/csv/default-afd8a29bd4d00ad1/0.0.0/6b34fb8fcf56f7c8ba51dc895bfa2bfbe43546f190a60fcf74bb5e8afdcc2317. Subsequent calls will reuse this data.

  0%|          | 0/2 [00:00<?, ?it/s]
100%|██████████| 2/2 [00:00<00:00, 342.57it/s]
[INFO|configuration_utils.py:583] 2022-11-08 10:51:33,412 >> loading configuration file https://huggingface.co/roberta-base/resolve/main/config.json from cache at /fs/clip-scratch/nehasrik/paraphrase-nlu/modeling/hf-cache/733bade19e5f0ce98e6531021dd5180994bb2f7b8bd7e80c7968805834ba351e.35205c6cfc956461d8515139f0f8dd5d207a2f336c0c3a83b4bc8dca3518e37b
/fs/clip-scratch/nehasrik/miniconda3/envs/para-nlu/lib/python3.7/site-packages/transformers/configuration_utils.py:337: UserWarning: Passing `gradient_checkpointing` to a config initialization is deprecated and will be removed in v5 Transformers. Using `model.gradient_checkpointing_enable()` instead, or if you are using the `Trainer` API, pass `gradient_checkpointing=True` in your `TrainingArguments`.
  "Passing `gradient_checkpointing` to a config initialization is deprecated and will be removed in v5 "
[INFO|configuration_utils.py:620] 2022-11-08 10:51:33,420 >> Model config RobertaConfig {
  "architectures": [
    "RobertaForMaskedLM"
  ],
  "attention_probs_dropout_prob": 0.1,
  "bos_token_id": 0,
  "classifier_dropout": null,
  "eos_token_id": 2,
  "hidden_act": "gelu",
  "hidden_dropout_prob": 0.1,
  "hidden_size": 768,
  "initializer_range": 0.02,
  "intermediate_size": 3072,
  "layer_norm_eps": 1e-05,
  "max_position_embeddings": 514,
  "model_type": "roberta",
  "num_attention_heads": 12,
  "num_hidden_layers": 12,
  "pad_token_id": 1,
  "position_embedding_type": "absolute",
  "transformers_version": "4.11.0",
  "type_vocab_size": 1,
  "use_cache": true,
  "vocab_size": 50265
}

[INFO|tokenization_auto.py:334] 2022-11-08 10:51:33,452 >> Could not locate the tokenizer configuration file, will try to use the model config instead.
[INFO|configuration_utils.py:583] 2022-11-08 10:51:33,485 >> loading configuration file https://huggingface.co/roberta-base/resolve/main/config.json from cache at /fs/clip-scratch/nehasrik/paraphrase-nlu/modeling/hf-cache/733bade19e5f0ce98e6531021dd5180994bb2f7b8bd7e80c7968805834ba351e.35205c6cfc956461d8515139f0f8dd5d207a2f336c0c3a83b4bc8dca3518e37b
[INFO|configuration_utils.py:620] 2022-11-08 10:51:33,486 >> Model config RobertaConfig {
  "architectures": [
    "RobertaForMaskedLM"
  ],
  "attention_probs_dropout_prob": 0.1,
  "bos_token_id": 0,
  "classifier_dropout": null,
  "eos_token_id": 2,
  "hidden_act": "gelu",
  "hidden_dropout_prob": 0.1,
  "hidden_size": 768,
  "initializer_range": 0.02,
  "intermediate_size": 3072,
  "layer_norm_eps": 1e-05,
  "max_position_embeddings": 514,
  "model_type": "roberta",
  "num_attention_heads": 12,
  "num_hidden_layers": 12,
  "pad_token_id": 1,
  "position_embedding_type": "absolute",
  "transformers_version": "4.11.0",
  "type_vocab_size": 1,
  "use_cache": true,
  "vocab_size": 50265
}

[INFO|tokenization_utils_base.py:1741] 2022-11-08 10:51:33,745 >> loading file https://huggingface.co/roberta-base/resolve/main/vocab.json from cache at /fs/clip-scratch/nehasrik/paraphrase-nlu/modeling/hf-cache/d3ccdbfeb9aaa747ef20432d4976c32ee3fa69663b379deb253ccfce2bb1fdc5.d67d6b367eb24ab43b08ad55e014cf254076934f71d832bbab9ad35644a375ab
[INFO|tokenization_utils_base.py:1741] 2022-11-08 10:51:33,745 >> loading file https://huggingface.co/roberta-base/resolve/main/merges.txt from cache at /fs/clip-scratch/nehasrik/paraphrase-nlu/modeling/hf-cache/cafdecc90fcab17011e12ac813dd574b4b3fea39da6dd817813efa010262ff3f.5d12962c5ee615a4c803841266e9c3be9a691a924f72d395d3a6c6c81157788b
[INFO|tokenization_utils_base.py:1741] 2022-11-08 10:51:33,745 >> loading file https://huggingface.co/roberta-base/resolve/main/added_tokens.json from cache at None
[INFO|tokenization_utils_base.py:1741] 2022-11-08 10:51:33,745 >> loading file https://huggingface.co/roberta-base/resolve/main/special_tokens_map.json from cache at None
[INFO|tokenization_utils_base.py:1741] 2022-11-08 10:51:33,745 >> loading file https://huggingface.co/roberta-base/resolve/main/tokenizer_config.json from cache at None
[INFO|tokenization_utils_base.py:1741] 2022-11-08 10:51:33,745 >> loading file https://huggingface.co/roberta-base/resolve/main/tokenizer.json from cache at /fs/clip-scratch/nehasrik/paraphrase-nlu/modeling/hf-cache/d53fc0fa09b8342651efd4073d75e19617b3e51287c2a535becda5808a8db287.fc9576039592f026ad76a1c231b89aee8668488c671dfbe6616bab2ed298d730
[INFO|configuration_utils.py:583] 2022-11-08 10:51:33,783 >> loading configuration file https://huggingface.co/roberta-base/resolve/main/config.json from cache at /nfshomes/nehasrik/.cache/huggingface/transformers/733bade19e5f0ce98e6531021dd5180994bb2f7b8bd7e80c7968805834ba351e.35205c6cfc956461d8515139f0f8dd5d207a2f336c0c3a83b4bc8dca3518e37b
[INFO|configuration_utils.py:620] 2022-11-08 10:51:33,783 >> Model config RobertaConfig {
  "architectures": [
    "RobertaForMaskedLM"
  ],
  "attention_probs_dropout_prob": 0.1,
  "bos_token_id": 0,
  "classifier_dropout": null,
  "eos_token_id": 2,
  "hidden_act": "gelu",
  "hidden_dropout_prob": 0.1,
  "hidden_size": 768,
  "initializer_range": 0.02,
  "intermediate_size": 3072,
  "layer_norm_eps": 1e-05,
  "max_position_embeddings": 514,
  "model_type": "roberta",
  "num_attention_heads": 12,
  "num_hidden_layers": 12,
  "pad_token_id": 1,
  "position_embedding_type": "absolute",
  "transformers_version": "4.11.0",
  "type_vocab_size": 1,
  "use_cache": true,
  "vocab_size": 50265
}

[INFO|modeling_utils.py:1323] 2022-11-08 10:51:34,170 >> loading weights file https://huggingface.co/roberta-base/resolve/main/pytorch_model.bin from cache at /fs/clip-scratch/nehasrik/paraphrase-nlu/modeling/hf-cache/51ba668f7ff34e7cdfa9561e8361747738113878850a7d717dbc69de8683aaad.c7efaa30a0d80b2958b876969faa180e485944a849deee4ad482332de65365a7
[WARNING|modeling_utils.py:1580] 2022-11-08 10:51:41,775 >> Some weights of the model checkpoint at roberta-base were not used when initializing RobertaForSequenceClassification: ['lm_head.bias', 'lm_head.dense.bias', 'roberta.pooler.dense.weight', 'roberta.pooler.dense.bias', 'lm_head.decoder.weight', 'lm_head.layer_norm.weight', 'lm_head.layer_norm.bias', 'lm_head.dense.weight']
- This IS expected if you are initializing RobertaForSequenceClassification from the checkpoint of a model trained on another task or with another architecture (e.g. initializing a BertForSequenceClassification model from a BertForPreTraining model).
- This IS NOT expected if you are initializing RobertaForSequenceClassification from the checkpoint of a model that you expect to be exactly identical (initializing a BertForSequenceClassification model from a BertForSequenceClassification model).
[WARNING|modeling_utils.py:1591] 2022-11-08 10:51:41,776 >> Some weights of RobertaForSequenceClassification were not initialized from the model checkpoint at roberta-base and are newly initialized: ['classifier.dense.bias', 'classifier.out_proj.weight', 'classifier.dense.weight', 'classifier.out_proj.bias']
You should probably TRAIN this model on a down-stream task to be able to use it for predictions and inference.
sentence1 sentence2
S1+S2 KEYS sentence1 sentence2

Running tokenizer on dataset:   0%|          | 0/8 [00:00<?, ?ba/s]11/08/2022 10:51:42 - INFO - datasets.arrow_dataset - Caching processed dataset at /fs/clip-scratch/nehasrik/paraphrase-nlu/modeling/hf-cache/csv/default-afd8a29bd4d00ad1/0.0.0/6b34fb8fcf56f7c8ba51dc895bfa2bfbe43546f190a60fcf74bb5e8afdcc2317/cache-abca868bacf1e7f5.arrow

Running tokenizer on dataset:  12%|█▎        | 1/8 [00:00<00:02,  2.72ba/s]
Running tokenizer on dataset:  25%|██▌       | 2/8 [00:00<00:01,  3.03ba/s]
Running tokenizer on dataset:  38%|███▊      | 3/8 [00:00<00:01,  3.23ba/s]
Running tokenizer on dataset:  50%|█████     | 4/8 [00:01<00:01,  3.34ba/s]
Running tokenizer on dataset:  62%|██████▎   | 5/8 [00:01<00:00,  3.43ba/s]
Running tokenizer on dataset:  75%|███████▌  | 6/8 [00:01<00:00,  3.51ba/s]
Running tokenizer on dataset:  88%|████████▊ | 7/8 [00:02<00:00,  3.56ba/s]
Running tokenizer on dataset:  88%|████████▊ | 7/8 [00:02<00:00,  3.10ba/s]

Running tokenizer on dataset:   0%|          | 0/1 [00:00<?, ?ba/s]11/08/2022 10:51:46 - INFO - datasets.arrow_dataset - Caching processed dataset at /fs/clip-scratch/nehasrik/paraphrase-nlu/modeling/hf-cache/csv/default-afd8a29bd4d00ad1/0.0.0/6b34fb8fcf56f7c8ba51dc895bfa2bfbe43546f190a60fcf74bb5e8afdcc2317/cache-3432d4d4e7f12b17.arrow

Running tokenizer on dataset:   0%|          | 0/1 [00:00<?, ?ba/s]hi
11/08/2022 10:51:46 - INFO - __main__ - Sample 5238 of the training set: {'sentence1': " It's good to confide in your partner.", 'sentence2': 'They tell your secrets to their friends.', 'label': 0, 'input_ids': [0, 85, 18, 205, 7, 7856, 1949, 11, 110, 1784, 4, 2, 2, 1213, 1137, 110, 12200, 7, 49, 964, 4, 2, 1, 1, 1, 1, 1, 1, 1, 1, 1, 1, 1, 1, 1, 1, 1, 1, 1, 1, 1, 1, 1, 1, 1, 1, 1, 1, 1, 1, 1, 1, 1, 1, 1, 1, 1, 1, 1, 1, 1, 1, 1, 1, 1, 1, 1, 1, 1, 1, 1, 1, 1, 1, 1, 1, 1, 1, 1, 1, 1, 1, 1, 1, 1, 1, 1, 1, 1, 1, 1, 1, 1, 1, 1, 1, 1, 1, 1, 1, 1, 1, 1, 1, 1, 1, 1, 1, 1, 1, 1, 1, 1, 1, 1, 1, 1, 1, 1, 1, 1, 1, 1, 1, 1, 1, 1, 1], 'attention_mask': [1, 1, 1, 1, 1, 1, 1, 1, 1, 1, 1, 1, 1, 1, 1, 1, 1, 1, 1, 1, 1, 1, 0, 0, 0, 0, 0, 0, 0, 0, 0, 0, 0, 0, 0, 0, 0, 0, 0, 0, 0, 0, 0, 0, 0, 0, 0, 0, 0, 0, 0, 0, 0, 0, 0, 0, 0, 0, 0, 0, 0, 0, 0, 0, 0, 0, 0, 0, 0, 0, 0, 0, 0, 0, 0, 0, 0, 0, 0, 0, 0, 0, 0, 0, 0, 0, 0, 0, 0, 0, 0, 0, 0, 0, 0, 0, 0, 0, 0, 0, 0, 0, 0, 0, 0, 0, 0, 0, 0, 0, 0, 0, 0, 0, 0, 0, 0, 0, 0, 0, 0, 0, 0, 0, 0, 0, 0, 0]}.
11/08/2022 10:51:46 - INFO - __main__ - Sample 912 of the training set: {'sentence1': ' It is good to change you password semi often to keep it secure.', 'sentence2': 'Your technical department manages your passwords for you.', 'label': 0, 'input_ids': [0, 85, 16, 205, 7, 464, 47, 14844, 4126, 747, 7, 489, 24, 2823, 4, 2, 2, 12861, 3165, 1494, 10200, 110, 20616, 13, 47, 4, 2, 1, 1, 1, 1, 1, 1, 1, 1, 1, 1, 1, 1, 1, 1, 1, 1, 1, 1, 1, 1, 1, 1, 1, 1, 1, 1, 1, 1, 1, 1, 1, 1, 1, 1, 1, 1, 1, 1, 1, 1, 1, 1, 1, 1, 1, 1, 1, 1, 1, 1, 1, 1, 1, 1, 1, 1, 1, 1, 1, 1, 1, 1, 1, 1, 1, 1, 1, 1, 1, 1, 1, 1, 1, 1, 1, 1, 1, 1, 1, 1, 1, 1, 1, 1, 1, 1, 1, 1, 1, 1, 1, 1, 1, 1, 1, 1, 1, 1, 1, 1, 1], 'attention_mask': [1, 1, 1, 1, 1, 1, 1, 1, 1, 1, 1, 1, 1, 1, 1, 1, 1, 1, 1, 1, 1, 1, 1, 1, 1, 1, 1, 0, 0, 0, 0, 0, 0, 0, 0, 0, 0, 0, 0, 0, 0, 0, 0, 0, 0, 0, 0, 0, 0, 0, 0, 0, 0, 0, 0, 0, 0, 0, 0, 0, 0, 0, 0, 0, 0, 0, 0, 0, 0, 0, 0, 0, 0, 0, 0, 0, 0, 0, 0, 0, 0, 0, 0, 0, 0, 0, 0, 0, 0, 0, 0, 0, 0, 0, 0, 0, 0, 0, 0, 0, 0, 0, 0, 0, 0, 0, 0, 0, 0, 0, 0, 0, 0, 0, 0, 0, 0, 0, 0, 0, 0, 0, 0, 0, 0, 0, 0, 0]}.
11/08/2022 10:51:46 - INFO - __main__ - Sample 204 of the training set: {'sentence1': " It's wrong to want someone to do something they don't want to do.", 'sentence2': 'They are your kid and you don’t want them to quit something early', 'label': 0, 'input_ids': [0, 85, 18, 1593, 7, 236, 951, 7, 109, 402, 51, 218, 75, 236, 7, 109, 4, 2, 2, 1213, 32, 110, 4607, 8, 47, 218, 17, 27, 90, 236, 106, 7, 6602, 402, 419, 2, 1, 1, 1, 1, 1, 1, 1, 1, 1, 1, 1, 1, 1, 1, 1, 1, 1, 1, 1, 1, 1, 1, 1, 1, 1, 1, 1, 1, 1, 1, 1, 1, 1, 1, 1, 1, 1, 1, 1, 1, 1, 1, 1, 1, 1, 1, 1, 1, 1, 1, 1, 1, 1, 1, 1, 1, 1, 1, 1, 1, 1, 1, 1, 1, 1, 1, 1, 1, 1, 1, 1, 1, 1, 1, 1, 1, 1, 1, 1, 1, 1, 1, 1, 1, 1, 1, 1, 1, 1, 1, 1, 1], 'attention_mask': [1, 1, 1, 1, 1, 1, 1, 1, 1, 1, 1, 1, 1, 1, 1, 1, 1, 1, 1, 1, 1, 1, 1, 1, 1, 1, 1, 1, 1, 1, 1, 1, 1, 1, 1, 1, 0, 0, 0, 0, 0, 0, 0, 0, 0, 0, 0, 0, 0, 0, 0, 0, 0, 0, 0, 0, 0, 0, 0, 0, 0, 0, 0, 0, 0, 0, 0, 0, 0, 0, 0, 0, 0, 0, 0, 0, 0, 0, 0, 0, 0, 0, 0, 0, 0, 0, 0, 0, 0, 0, 0, 0, 0, 0, 0, 0, 0, 0, 0, 0, 0, 0, 0, 0, 0, 0, 0, 0, 0, 0, 0, 0, 0, 0, 0, 0, 0, 0, 0, 0, 0, 0, 0, 0, 0, 0, 0, 0]}.

run_glue.py:456: FutureWarning: load_metric is deprecated and will be removed in the next major version of datasets. Use 'evaluate.load' instead, from the new library 🤗 Evaluate: https://huggingface.co/docs/evaluate
  metric = load_metric("accuracy")
[INFO|trainer.py:541] 2022-11-08 10:51:52,691 >> The following columns in the training set  don't have a corresponding argument in `RobertaForSequenceClassification.forward` and have been ignored: sentence1, sentence2.
[INFO|trainer.py:1196] 2022-11-08 10:51:52,712 >> ***** Running training *****
[INFO|trainer.py:1197] 2022-11-08 10:51:52,712 >>   Num examples = 7701
[INFO|trainer.py:1198] 2022-11-08 10:51:52,712 >>   Num Epochs = 2
[INFO|trainer.py:1199] 2022-11-08 10:51:52,712 >>   Instantaneous batch size per device = 32
[INFO|trainer.py:1200] 2022-11-08 10:51:52,712 >>   Total train batch size (w. parallel, distributed & accumulation) = 32
[INFO|trainer.py:1201] 2022-11-08 10:51:52,712 >>   Gradient Accumulation steps = 1
[INFO|trainer.py:1202] 2022-11-08 10:51:52,712 >>   Total optimization steps = 482

 50%|█████     | 241/482 [01:40<01:28,  2.73it/s][INFO|trainer.py:1987] 2022-11-08 10:53:33,052 >> Saving model checkpoint to chkpts/aflite_embedding_models/d-social-roberta-base/checkpoint-241
/fs/clip-scratch/nehasrik/miniconda3/envs/para-nlu/lib/python3.7/site-packages/transformers/configuration_utils.py:337: UserWarning: Passing `gradient_checkpointing` to a config initialization is deprecated and will be removed in v5 Transformers. Using `model.gradient_checkpointing_enable()` instead, or if you are using the `Trainer` API, pass `gradient_checkpointing=True` in your `TrainingArguments`.
  "Passing `gradient_checkpointing` to a config initialization is deprecated and will be removed in v5 "
[INFO|configuration_utils.py:413] 2022-11-08 10:53:33,059 >> Configuration saved in chkpts/aflite_embedding_models/d-social-roberta-base/checkpoint-241/config.json
[INFO|modeling_utils.py:1041] 2022-11-08 10:53:37,879 >> Model weights saved in chkpts/aflite_embedding_models/d-social-roberta-base/checkpoint-241/pytorch_model.bin
[INFO|tokenization_utils_base.py:2033] 2022-11-08 10:53:37,887 >> tokenizer config file saved in chkpts/aflite_embedding_models/d-social-roberta-base/checkpoint-241/tokenizer_config.json
[INFO|tokenization_utils_base.py:2039] 2022-11-08 10:53:37,891 >> Special tokens file saved in chkpts/aflite_embedding_models/d-social-roberta-base/checkpoint-241/special_tokens_map.json

100%|██████████| 482/482 [03:31<00:00,  2.71it/s][INFO|trainer.py:1987] 2022-11-08 10:55:24,118 >> Saving model checkpoint to chkpts/aflite_embedding_models/d-social-roberta-base/checkpoint-482
/fs/clip-scratch/nehasrik/miniconda3/envs/para-nlu/lib/python3.7/site-packages/transformers/configuration_utils.py:337: UserWarning: Passing `gradient_checkpointing` to a config initialization is deprecated and will be removed in v5 Transformers. Using `model.gradient_checkpointing_enable()` instead, or if you are using the `Trainer` API, pass `gradient_checkpointing=True` in your `TrainingArguments`.
  "Passing `gradient_checkpointing` to a config initialization is deprecated and will be removed in v5 "
[INFO|configuration_utils.py:413] 2022-11-08 10:55:24,126 >> Configuration saved in chkpts/aflite_embedding_models/d-social-roberta-base/checkpoint-482/config.json
[INFO|modeling_utils.py:1041] 2022-11-08 10:55:28,947 >> Model weights saved in chkpts/aflite_embedding_models/d-social-roberta-base/checkpoint-482/pytorch_model.bin
[INFO|tokenization_utils_base.py:2033] 2022-11-08 10:55:28,956 >> tokenizer config file saved in chkpts/aflite_embedding_models/d-social-roberta-base/checkpoint-482/tokenizer_config.json
[INFO|tokenization_utils_base.py:2039] 2022-11-08 10:55:28,963 >> Special tokens file saved in chkpts/aflite_embedding_models/d-social-roberta-base/checkpoint-482/special_tokens_map.json
[INFO|trainer.py:1401] 2022-11-08 10:55:38,877 >> 

Training completed. Do not forget to share your model on huggingface.co/models =)

100%|██████████| 482/482 [03:46<00:00,  2.71it/s]
100%|██████████| 482/482 [03:46<00:00,  2.13it/s]
[INFO|trainer.py:1987] 2022-11-08 10:55:38,879 >> Saving model checkpoint to chkpts/aflite_embedding_models/d-social-roberta-base
/fs/clip-scratch/nehasrik/miniconda3/envs/para-nlu/lib/python3.7/site-packages/transformers/configuration_utils.py:337: UserWarning: Passing `gradient_checkpointing` to a config initialization is deprecated and will be removed in v5 Transformers. Using `model.gradient_checkpointing_enable()` instead, or if you are using the `Trainer` API, pass `gradient_checkpointing=True` in your `TrainingArguments`.
  "Passing `gradient_checkpointing` to a config initialization is deprecated and will be removed in v5 "
[INFO|configuration_utils.py:413] 2022-11-08 10:55:38,885 >> Configuration saved in chkpts/aflite_embedding_models/d-social-roberta-base/config.json
[INFO|modeling_utils.py:1041] 2022-11-08 10:55:43,701 >> Model weights saved in chkpts/aflite_embedding_models/d-social-roberta-base/pytorch_model.bin
[INFO|tokenization_utils_base.py:2033] 2022-11-08 10:55:43,707 >> tokenizer config file saved in chkpts/aflite_embedding_models/d-social-roberta-base/tokenizer_config.json
[INFO|tokenization_utils_base.py:2039] 2022-11-08 10:55:43,712 >> Special tokens file saved in chkpts/aflite_embedding_models/d-social-roberta-base/special_tokens_map.json
{'train_runtime': 226.1656, 'train_samples_per_second': 68.101, 'train_steps_per_second': 2.131, 'train_loss': 0.5216036594754927, 'epoch': 2.0}
***** train metrics *****
  epoch                    =        2.0
  train_loss               =     0.5216
  train_runtime            = 0:03:46.16
  train_samples            =       7701
  train_samples_per_second =     68.101
  train_steps_per_second   =      2.131
11/08/2022 10:55:43 - INFO - __main__ - *** Evaluate ***
[INFO|trainer.py:541] 2022-11-08 10:55:43,867 >> The following columns in the evaluation set  don't have a corresponding argument in `RobertaForSequenceClassification.forward` and have been ignored: sentence1, sentence2.
[WARNING|training_args.py:888] 2022-11-08 10:55:43,868 >> Using deprecated `--per_gpu_eval_batch_size` argument which will be removed in a future version. Using `--per_device_eval_batch_size` is preferred.
[INFO|trainer.py:2235] 2022-11-08 10:55:43,868 >> ***** Running Evaluation *****
[INFO|trainer.py:2237] 2022-11-08 10:55:43,868 >>   Num examples = 1000
[INFO|trainer.py:2240] 2022-11-08 10:55:43,868 >>   Batch size = 32

 97%|█████████▋| 31/32 [00:04<00:00,  6.44it/s][WARNING|training_args.py:888] 2022-11-08 10:55:48,736 >> Using deprecated `--per_gpu_eval_batch_size` argument which will be removed in a future version. Using `--per_device_eval_batch_size` is preferred.

100%|██████████| 32/32 [00:04<00:00,  6.82it/s]
[WARNING|training_args.py:888] 2022-11-08 10:55:48,746 >> Using deprecated `--per_gpu_eval_batch_size` argument which will be removed in a future version. Using `--per_device_eval_batch_size` is preferred.
[WARNING|training_args.py:888] 2022-11-08 10:55:48,747 >> Using deprecated `--per_gpu_eval_batch_size` argument which will be removed in a future version. Using `--per_device_eval_batch_size` is preferred.
[INFO|modelcard.py:446] 2022-11-08 10:55:48,820 >> Dropping the following result as it does not have all the necessary field:
{'task': {'name': 'Text Classification', 'type': 'text-classification'}, 'metrics': [{'name': 'Accuracy', 'type': 'accuracy', 'value': 0.7580000162124634}]}
***** eval metrics *****
  epoch                   =        2.0
  eval_accuracy           =      0.758
  eval_loss               =      0.504
  eval_runtime            = 0:00:04.86
  eval_samples            =       1000
  eval_samples_per_second =    205.433
  eval_steps_per_second   =      6.574
