11/08/2022 10:51:32 - WARNING - __main__ - Process rank: -1, device: cuda:0, n_gpu: 1distributed training: False, 16-bits training: False
11/08/2022 10:51:32 - INFO - __main__ - Training/evaluation parameters TrainingArguments(
_n_gpu=1,
adafactor=False,
adam_beta1=0.9,
adam_beta2=0.999,
adam_epsilon=1e-08,
dataloader_drop_last=False,
dataloader_num_workers=0,
dataloader_pin_memory=True,
ddp_find_unused_parameters=None,
debug=[],
deepspeed=None,
disable_tqdm=False,
do_eval=True,
do_predict=False,
do_train=True,
eval_accumulation_steps=None,
eval_steps=None,
evaluation_strategy=IntervalStrategy.NO,
fp16=False,
fp16_backend=auto,
fp16_full_eval=False,
fp16_opt_level=O1,
gradient_accumulation_steps=1,
gradient_checkpointing=False,
greater_is_better=None,
group_by_length=False,
hub_model_id=None,
hub_strategy=HubStrategy.EVERY_SAVE,
hub_token=<HUB_TOKEN>,
ignore_data_skip=False,
label_names=None,
label_smoothing_factor=0.0,
learning_rate=2e-05,
length_column_name=length,
load_best_model_at_end=False,
local_rank=-1,
log_level=-1,
log_level_replica=-1,
log_on_each_node=True,
logging_dir=chkpts/aflite_embedding_models/d-atomic-roberta-base/runs/Nov08_10-51-32_clip07.umiacs.umd.edu,
logging_first_step=False,
logging_nan_inf_filter=True,
logging_steps=500,
logging_strategy=IntervalStrategy.STEPS,
lr_scheduler_type=SchedulerType.LINEAR,
max_grad_norm=1.0,
max_steps=-1,
metric_for_best_model=None,
mp_parameters=,
no_cuda=False,
num_train_epochs=2.0,
output_dir=chkpts/aflite_embedding_models/d-atomic-roberta-base,
overwrite_output_dir=True,
past_index=-1,
per_device_eval_batch_size=8,
per_device_train_batch_size=32,
prediction_loss_only=False,
push_to_hub=False,
push_to_hub_model_id=None,
push_to_hub_organization=None,
push_to_hub_token=<PUSH_TO_HUB_TOKEN>,
remove_unused_columns=True,
report_to=[],
resume_from_checkpoint=None,
run_name=chkpts/aflite_embedding_models/d-atomic-roberta-base,
save_on_each_node=False,
save_steps=500,
save_strategy=IntervalStrategy.EPOCH,
save_total_limit=None,
seed=42,
sharded_ddp=[],
skip_memory_metrics=True,
tpu_metrics_debug=False,
tpu_num_cores=None,
use_legacy_prediction_loop=False,
warmup_ratio=0.0,
warmup_steps=0,
weight_decay=0.0,
xpu_backend=None,
)
11/08/2022 10:51:32 - INFO - __main__ - load a local file for train: /fs/clip-scratch/nehasrik/paraphrase-nlu/data_selection/defeasible/atomic/aflite_train.csv
11/08/2022 10:51:32 - INFO - __main__ - load a local file for validation: /fs/clip-scratch/nehasrik/paraphrase-nlu/data_selection/defeasible/atomic/aflite_dev.csv
11/08/2022 10:51:33 - WARNING - datasets.builder - Using custom data configuration default-45086b7b78082cc4
11/08/2022 10:51:33 - INFO - datasets.info - Loading Dataset Infos from /fs/clip-scratch/nehasrik/miniconda3/envs/para-nlu/lib/python3.7/site-packages/datasets/packaged_modules/csv
11/08/2022 10:51:33 - INFO - datasets.builder - Overwrite dataset info from restored data version.
11/08/2022 10:51:33 - INFO - datasets.info - Loading Dataset info from /fs/clip-scratch/nehasrik/paraphrase-nlu/modeling/hf-cache/csv/default-45086b7b78082cc4/0.0.0/6b34fb8fcf56f7c8ba51dc895bfa2bfbe43546f190a60fcf74bb5e8afdcc2317
11/08/2022 10:51:33 - WARNING - datasets.builder - Found cached dataset csv (/fs/clip-scratch/nehasrik/paraphrase-nlu/modeling/hf-cache/csv/default-45086b7b78082cc4/0.0.0/6b34fb8fcf56f7c8ba51dc895bfa2bfbe43546f190a60fcf74bb5e8afdcc2317)
11/08/2022 10:51:33 - INFO - datasets.info - Loading Dataset info from /fs/clip-scratch/nehasrik/paraphrase-nlu/modeling/hf-cache/csv/default-45086b7b78082cc4/0.0.0/6b34fb8fcf56f7c8ba51dc895bfa2bfbe43546f190a60fcf74bb5e8afdcc2317

  0%|          | 0/2 [00:00<?, ?it/s]
100%|██████████| 2/2 [00:00<00:00, 16.76it/s]
100%|██████████| 2/2 [00:00<00:00, 16.74it/s]
[INFO|configuration_utils.py:583] 2022-11-08 10:51:33,412 >> loading configuration file https://huggingface.co/roberta-base/resolve/main/config.json from cache at /fs/clip-scratch/nehasrik/paraphrase-nlu/modeling/hf-cache/733bade19e5f0ce98e6531021dd5180994bb2f7b8bd7e80c7968805834ba351e.35205c6cfc956461d8515139f0f8dd5d207a2f336c0c3a83b4bc8dca3518e37b
/fs/clip-scratch/nehasrik/miniconda3/envs/para-nlu/lib/python3.7/site-packages/transformers/configuration_utils.py:337: UserWarning: Passing `gradient_checkpointing` to a config initialization is deprecated and will be removed in v5 Transformers. Using `model.gradient_checkpointing_enable()` instead, or if you are using the `Trainer` API, pass `gradient_checkpointing=True` in your `TrainingArguments`.
  "Passing `gradient_checkpointing` to a config initialization is deprecated and will be removed in v5 "
[INFO|configuration_utils.py:620] 2022-11-08 10:51:33,419 >> Model config RobertaConfig {
  "architectures": [
    "RobertaForMaskedLM"
  ],
  "attention_probs_dropout_prob": 0.1,
  "bos_token_id": 0,
  "classifier_dropout": null,
  "eos_token_id": 2,
  "hidden_act": "gelu",
  "hidden_dropout_prob": 0.1,
  "hidden_size": 768,
  "initializer_range": 0.02,
  "intermediate_size": 3072,
  "layer_norm_eps": 1e-05,
  "max_position_embeddings": 514,
  "model_type": "roberta",
  "num_attention_heads": 12,
  "num_hidden_layers": 12,
  "pad_token_id": 1,
  "position_embedding_type": "absolute",
  "transformers_version": "4.11.0",
  "type_vocab_size": 1,
  "use_cache": true,
  "vocab_size": 50265
}

[INFO|tokenization_auto.py:334] 2022-11-08 10:51:33,456 >> Could not locate the tokenizer configuration file, will try to use the model config instead.
[INFO|configuration_utils.py:583] 2022-11-08 10:51:33,488 >> loading configuration file https://huggingface.co/roberta-base/resolve/main/config.json from cache at /fs/clip-scratch/nehasrik/paraphrase-nlu/modeling/hf-cache/733bade19e5f0ce98e6531021dd5180994bb2f7b8bd7e80c7968805834ba351e.35205c6cfc956461d8515139f0f8dd5d207a2f336c0c3a83b4bc8dca3518e37b
[INFO|configuration_utils.py:620] 2022-11-08 10:51:33,488 >> Model config RobertaConfig {
  "architectures": [
    "RobertaForMaskedLM"
  ],
  "attention_probs_dropout_prob": 0.1,
  "bos_token_id": 0,
  "classifier_dropout": null,
  "eos_token_id": 2,
  "hidden_act": "gelu",
  "hidden_dropout_prob": 0.1,
  "hidden_size": 768,
  "initializer_range": 0.02,
  "intermediate_size": 3072,
  "layer_norm_eps": 1e-05,
  "max_position_embeddings": 514,
  "model_type": "roberta",
  "num_attention_heads": 12,
  "num_hidden_layers": 12,
  "pad_token_id": 1,
  "position_embedding_type": "absolute",
  "transformers_version": "4.11.0",
  "type_vocab_size": 1,
  "use_cache": true,
  "vocab_size": 50265
}

[INFO|tokenization_utils_base.py:1741] 2022-11-08 10:51:33,745 >> loading file https://huggingface.co/roberta-base/resolve/main/vocab.json from cache at /fs/clip-scratch/nehasrik/paraphrase-nlu/modeling/hf-cache/d3ccdbfeb9aaa747ef20432d4976c32ee3fa69663b379deb253ccfce2bb1fdc5.d67d6b367eb24ab43b08ad55e014cf254076934f71d832bbab9ad35644a375ab
[INFO|tokenization_utils_base.py:1741] 2022-11-08 10:51:33,745 >> loading file https://huggingface.co/roberta-base/resolve/main/merges.txt from cache at /fs/clip-scratch/nehasrik/paraphrase-nlu/modeling/hf-cache/cafdecc90fcab17011e12ac813dd574b4b3fea39da6dd817813efa010262ff3f.5d12962c5ee615a4c803841266e9c3be9a691a924f72d395d3a6c6c81157788b
[INFO|tokenization_utils_base.py:1741] 2022-11-08 10:51:33,745 >> loading file https://huggingface.co/roberta-base/resolve/main/added_tokens.json from cache at None
[INFO|tokenization_utils_base.py:1741] 2022-11-08 10:51:33,745 >> loading file https://huggingface.co/roberta-base/resolve/main/special_tokens_map.json from cache at None
[INFO|tokenization_utils_base.py:1741] 2022-11-08 10:51:33,745 >> loading file https://huggingface.co/roberta-base/resolve/main/tokenizer_config.json from cache at None
[INFO|tokenization_utils_base.py:1741] 2022-11-08 10:51:33,745 >> loading file https://huggingface.co/roberta-base/resolve/main/tokenizer.json from cache at /fs/clip-scratch/nehasrik/paraphrase-nlu/modeling/hf-cache/d53fc0fa09b8342651efd4073d75e19617b3e51287c2a535becda5808a8db287.fc9576039592f026ad76a1c231b89aee8668488c671dfbe6616bab2ed298d730
[INFO|configuration_utils.py:583] 2022-11-08 10:51:33,784 >> loading configuration file https://huggingface.co/roberta-base/resolve/main/config.json from cache at /nfshomes/nehasrik/.cache/huggingface/transformers/733bade19e5f0ce98e6531021dd5180994bb2f7b8bd7e80c7968805834ba351e.35205c6cfc956461d8515139f0f8dd5d207a2f336c0c3a83b4bc8dca3518e37b
[INFO|configuration_utils.py:620] 2022-11-08 10:51:33,784 >> Model config RobertaConfig {
  "architectures": [
    "RobertaForMaskedLM"
  ],
  "attention_probs_dropout_prob": 0.1,
  "bos_token_id": 0,
  "classifier_dropout": null,
  "eos_token_id": 2,
  "hidden_act": "gelu",
  "hidden_dropout_prob": 0.1,
  "hidden_size": 768,
  "initializer_range": 0.02,
  "intermediate_size": 3072,
  "layer_norm_eps": 1e-05,
  "max_position_embeddings": 514,
  "model_type": "roberta",
  "num_attention_heads": 12,
  "num_hidden_layers": 12,
  "pad_token_id": 1,
  "position_embedding_type": "absolute",
  "transformers_version": "4.11.0",
  "type_vocab_size": 1,
  "use_cache": true,
  "vocab_size": 50265
}

[INFO|modeling_utils.py:1323] 2022-11-08 10:51:34,143 >> loading weights file https://huggingface.co/roberta-base/resolve/main/pytorch_model.bin from cache at /fs/clip-scratch/nehasrik/paraphrase-nlu/modeling/hf-cache/51ba668f7ff34e7cdfa9561e8361747738113878850a7d717dbc69de8683aaad.c7efaa30a0d80b2958b876969faa180e485944a849deee4ad482332de65365a7
[WARNING|modeling_utils.py:1580] 2022-11-08 10:51:39,484 >> Some weights of the model checkpoint at roberta-base were not used when initializing RobertaForSequenceClassification: ['lm_head.decoder.weight', 'lm_head.dense.bias', 'roberta.pooler.dense.weight', 'lm_head.dense.weight', 'lm_head.bias', 'lm_head.layer_norm.bias', 'lm_head.layer_norm.weight', 'roberta.pooler.dense.bias']
- This IS expected if you are initializing RobertaForSequenceClassification from the checkpoint of a model trained on another task or with another architecture (e.g. initializing a BertForSequenceClassification model from a BertForPreTraining model).
- This IS NOT expected if you are initializing RobertaForSequenceClassification from the checkpoint of a model that you expect to be exactly identical (initializing a BertForSequenceClassification model from a BertForSequenceClassification model).
[WARNING|modeling_utils.py:1591] 2022-11-08 10:51:39,484 >> Some weights of RobertaForSequenceClassification were not initialized from the model checkpoint at roberta-base and are newly initialized: ['classifier.out_proj.weight', 'classifier.dense.weight', 'classifier.dense.bias', 'classifier.out_proj.bias']
You should probably TRAIN this model on a down-stream task to be able to use it for predictions and inference.
sentence1 sentence2
S1+S2 KEYS sentence1 sentence2
11/08/2022 10:51:40 - WARNING - datasets.arrow_dataset - Loading cached processed dataset at /fs/clip-scratch/nehasrik/paraphrase-nlu/modeling/hf-cache/csv/default-45086b7b78082cc4/0.0.0/6b34fb8fcf56f7c8ba51dc895bfa2bfbe43546f190a60fcf74bb5e8afdcc2317/cache-f1db38ab8e74d7a0.arrow

Running tokenizer on dataset:   0%|          | 0/1 [00:00<?, ?ba/s]11/08/2022 10:51:41 - INFO - datasets.arrow_dataset - Caching processed dataset at /fs/clip-scratch/nehasrik/paraphrase-nlu/modeling/hf-cache/csv/default-45086b7b78082cc4/0.0.0/6b34fb8fcf56f7c8ba51dc895bfa2bfbe43546f190a60fcf74bb5e8afdcc2317/cache-e83645d59337e5a0.arrow

Running tokenizer on dataset:   0%|          | 0/1 [00:00<?, ?ba/s]hi
11/08/2022 10:51:41 - INFO - __main__ - Sample 912 of the training set: {'sentence1': 'PersonX listens to the music Because PersonX wanted apreciate nice music', 'sentence2': 'PersonX has never heard the song before.', 'label': 0, 'input_ids': [0, 41761, 1000, 25245, 7, 5, 930, 3047, 18404, 1000, 770, 6256, 19954, 877, 2579, 930, 2, 2, 41761, 1000, 34, 393, 1317, 5, 2214, 137, 4, 2, 1, 1, 1, 1, 1, 1, 1, 1, 1, 1, 1, 1, 1, 1, 1, 1, 1, 1, 1, 1, 1, 1, 1, 1, 1, 1, 1, 1, 1, 1, 1, 1, 1, 1, 1, 1, 1, 1, 1, 1, 1, 1, 1, 1, 1, 1, 1, 1, 1, 1, 1, 1, 1, 1, 1, 1, 1, 1, 1, 1, 1, 1, 1, 1, 1, 1, 1, 1, 1, 1, 1, 1, 1, 1, 1, 1, 1, 1, 1, 1, 1, 1, 1, 1, 1, 1, 1, 1, 1, 1, 1, 1, 1, 1, 1, 1, 1, 1, 1, 1], 'attention_mask': [1, 1, 1, 1, 1, 1, 1, 1, 1, 1, 1, 1, 1, 1, 1, 1, 1, 1, 1, 1, 1, 1, 1, 1, 1, 1, 1, 1, 0, 0, 0, 0, 0, 0, 0, 0, 0, 0, 0, 0, 0, 0, 0, 0, 0, 0, 0, 0, 0, 0, 0, 0, 0, 0, 0, 0, 0, 0, 0, 0, 0, 0, 0, 0, 0, 0, 0, 0, 0, 0, 0, 0, 0, 0, 0, 0, 0, 0, 0, 0, 0, 0, 0, 0, 0, 0, 0, 0, 0, 0, 0, 0, 0, 0, 0, 0, 0, 0, 0, 0, 0, 0, 0, 0, 0, 0, 0, 0, 0, 0, 0, 0, 0, 0, 0, 0, 0, 0, 0, 0, 0, 0, 0, 0, 0, 0, 0, 0]}.
11/08/2022 10:51:41 - INFO - __main__ - Sample 204 of the training set: {'sentence1': 'PersonX saves for months PersonX is seen as responsible', 'sentence2': 'They don’t buy anything they don’t need', 'label': 1, 'input_ids': [0, 41761, 1000, 7552, 13, 377, 18404, 1000, 16, 450, 25, 2149, 2, 2, 1213, 218, 17, 27, 90, 907, 932, 51, 218, 17, 27, 90, 240, 2, 1, 1, 1, 1, 1, 1, 1, 1, 1, 1, 1, 1, 1, 1, 1, 1, 1, 1, 1, 1, 1, 1, 1, 1, 1, 1, 1, 1, 1, 1, 1, 1, 1, 1, 1, 1, 1, 1, 1, 1, 1, 1, 1, 1, 1, 1, 1, 1, 1, 1, 1, 1, 1, 1, 1, 1, 1, 1, 1, 1, 1, 1, 1, 1, 1, 1, 1, 1, 1, 1, 1, 1, 1, 1, 1, 1, 1, 1, 1, 1, 1, 1, 1, 1, 1, 1, 1, 1, 1, 1, 1, 1, 1, 1, 1, 1, 1, 1, 1, 1], 'attention_mask': [1, 1, 1, 1, 1, 1, 1, 1, 1, 1, 1, 1, 1, 1, 1, 1, 1, 1, 1, 1, 1, 1, 1, 1, 1, 1, 1, 1, 0, 0, 0, 0, 0, 0, 0, 0, 0, 0, 0, 0, 0, 0, 0, 0, 0, 0, 0, 0, 0, 0, 0, 0, 0, 0, 0, 0, 0, 0, 0, 0, 0, 0, 0, 0, 0, 0, 0, 0, 0, 0, 0, 0, 0, 0, 0, 0, 0, 0, 0, 0, 0, 0, 0, 0, 0, 0, 0, 0, 0, 0, 0, 0, 0, 0, 0, 0, 0, 0, 0, 0, 0, 0, 0, 0, 0, 0, 0, 0, 0, 0, 0, 0, 0, 0, 0, 0, 0, 0, 0, 0, 0, 0, 0, 0, 0, 0, 0, 0]}.
11/08/2022 10:51:41 - INFO - __main__ - Sample 2253 of the training set: {'sentence1': 'PersonX serves PersonY PersonX is seen as tired', 'sentence2': 'They sound peppy', 'label': 0, 'input_ids': [0, 41761, 1000, 4542, 18404, 975, 18404, 1000, 16, 450, 25, 7428, 2, 2, 1213, 2369, 3723, 12949, 2, 1, 1, 1, 1, 1, 1, 1, 1, 1, 1, 1, 1, 1, 1, 1, 1, 1, 1, 1, 1, 1, 1, 1, 1, 1, 1, 1, 1, 1, 1, 1, 1, 1, 1, 1, 1, 1, 1, 1, 1, 1, 1, 1, 1, 1, 1, 1, 1, 1, 1, 1, 1, 1, 1, 1, 1, 1, 1, 1, 1, 1, 1, 1, 1, 1, 1, 1, 1, 1, 1, 1, 1, 1, 1, 1, 1, 1, 1, 1, 1, 1, 1, 1, 1, 1, 1, 1, 1, 1, 1, 1, 1, 1, 1, 1, 1, 1, 1, 1, 1, 1, 1, 1, 1, 1, 1, 1, 1, 1], 'attention_mask': [1, 1, 1, 1, 1, 1, 1, 1, 1, 1, 1, 1, 1, 1, 1, 1, 1, 1, 1, 0, 0, 0, 0, 0, 0, 0, 0, 0, 0, 0, 0, 0, 0, 0, 0, 0, 0, 0, 0, 0, 0, 0, 0, 0, 0, 0, 0, 0, 0, 0, 0, 0, 0, 0, 0, 0, 0, 0, 0, 0, 0, 0, 0, 0, 0, 0, 0, 0, 0, 0, 0, 0, 0, 0, 0, 0, 0, 0, 0, 0, 0, 0, 0, 0, 0, 0, 0, 0, 0, 0, 0, 0, 0, 0, 0, 0, 0, 0, 0, 0, 0, 0, 0, 0, 0, 0, 0, 0, 0, 0, 0, 0, 0, 0, 0, 0, 0, 0, 0, 0, 0, 0, 0, 0, 0, 0, 0, 0]}.

run_glue.py:456: FutureWarning: load_metric is deprecated and will be removed in the next major version of datasets. Use 'evaluate.load' instead, from the new library 🤗 Evaluate: https://huggingface.co/docs/evaluate
  metric = load_metric("accuracy")
[INFO|trainer.py:541] 2022-11-08 10:51:50,763 >> The following columns in the training set  don't have a corresponding argument in `RobertaForSequenceClassification.forward` and have been ignored: sentence2, sentence1.
[INFO|trainer.py:1196] 2022-11-08 10:51:50,776 >> ***** Running training *****
[INFO|trainer.py:1197] 2022-11-08 10:51:50,776 >>   Num examples = 5000
[INFO|trainer.py:1198] 2022-11-08 10:51:50,776 >>   Num Epochs = 2
[INFO|trainer.py:1199] 2022-11-08 10:51:50,776 >>   Instantaneous batch size per device = 32
[INFO|trainer.py:1200] 2022-11-08 10:51:50,776 >>   Total train batch size (w. parallel, distributed & accumulation) = 32
[INFO|trainer.py:1201] 2022-11-08 10:51:50,776 >>   Gradient Accumulation steps = 1
[INFO|trainer.py:1202] 2022-11-08 10:51:50,776 >>   Total optimization steps = 314

 50%|█████     | 157/314 [01:09<00:50,  3.12it/s][INFO|trainer.py:1987] 2022-11-08 10:53:00,285 >> Saving model checkpoint to chkpts/aflite_embedding_models/d-atomic-roberta-base/checkpoint-157
/fs/clip-scratch/nehasrik/miniconda3/envs/para-nlu/lib/python3.7/site-packages/transformers/configuration_utils.py:337: UserWarning: Passing `gradient_checkpointing` to a config initialization is deprecated and will be removed in v5 Transformers. Using `model.gradient_checkpointing_enable()` instead, or if you are using the `Trainer` API, pass `gradient_checkpointing=True` in your `TrainingArguments`.
  "Passing `gradient_checkpointing` to a config initialization is deprecated and will be removed in v5 "
[INFO|configuration_utils.py:413] 2022-11-08 10:53:00,293 >> Configuration saved in chkpts/aflite_embedding_models/d-atomic-roberta-base/checkpoint-157/config.json
[INFO|modeling_utils.py:1041] 2022-11-08 10:53:02,060 >> Model weights saved in chkpts/aflite_embedding_models/d-atomic-roberta-base/checkpoint-157/pytorch_model.bin
[INFO|tokenization_utils_base.py:2033] 2022-11-08 10:53:02,063 >> tokenizer config file saved in chkpts/aflite_embedding_models/d-atomic-roberta-base/checkpoint-157/tokenizer_config.json
[INFO|tokenization_utils_base.py:2039] 2022-11-08 10:53:02,067 >> Special tokens file saved in chkpts/aflite_embedding_models/d-atomic-roberta-base/checkpoint-157/special_tokens_map.json

100%|██████████| 314/314 [02:17<00:00,  3.07it/s][INFO|trainer.py:1987] 2022-11-08 10:54:08,629 >> Saving model checkpoint to chkpts/aflite_embedding_models/d-atomic-roberta-base/checkpoint-314
/fs/clip-scratch/nehasrik/miniconda3/envs/para-nlu/lib/python3.7/site-packages/transformers/configuration_utils.py:337: UserWarning: Passing `gradient_checkpointing` to a config initialization is deprecated and will be removed in v5 Transformers. Using `model.gradient_checkpointing_enable()` instead, or if you are using the `Trainer` API, pass `gradient_checkpointing=True` in your `TrainingArguments`.
  "Passing `gradient_checkpointing` to a config initialization is deprecated and will be removed in v5 "
[INFO|configuration_utils.py:413] 2022-11-08 10:54:08,637 >> Configuration saved in chkpts/aflite_embedding_models/d-atomic-roberta-base/checkpoint-314/config.json
[INFO|modeling_utils.py:1041] 2022-11-08 10:54:10,348 >> Model weights saved in chkpts/aflite_embedding_models/d-atomic-roberta-base/checkpoint-314/pytorch_model.bin
[INFO|tokenization_utils_base.py:2033] 2022-11-08 10:54:10,353 >> tokenizer config file saved in chkpts/aflite_embedding_models/d-atomic-roberta-base/checkpoint-314/tokenizer_config.json
[INFO|tokenization_utils_base.py:2039] 2022-11-08 10:54:10,356 >> Special tokens file saved in chkpts/aflite_embedding_models/d-atomic-roberta-base/checkpoint-314/special_tokens_map.json
[INFO|trainer.py:1401] 2022-11-08 10:54:14,060 >> 

Training completed. Do not forget to share your model on huggingface.co/models =)

100%|██████████| 314/314 [02:23<00:00,  2.19it/s]
[INFO|trainer.py:1987] 2022-11-08 10:54:14,061 >> Saving model checkpoint to chkpts/aflite_embedding_models/d-atomic-roberta-base
/fs/clip-scratch/nehasrik/miniconda3/envs/para-nlu/lib/python3.7/site-packages/transformers/configuration_utils.py:337: UserWarning: Passing `gradient_checkpointing` to a config initialization is deprecated and will be removed in v5 Transformers. Using `model.gradient_checkpointing_enable()` instead, or if you are using the `Trainer` API, pass `gradient_checkpointing=True` in your `TrainingArguments`.
  "Passing `gradient_checkpointing` to a config initialization is deprecated and will be removed in v5 "
[INFO|configuration_utils.py:413] 2022-11-08 10:54:14,065 >> Configuration saved in chkpts/aflite_embedding_models/d-atomic-roberta-base/config.json
[INFO|modeling_utils.py:1041] 2022-11-08 10:54:15,745 >> Model weights saved in chkpts/aflite_embedding_models/d-atomic-roberta-base/pytorch_model.bin
[INFO|tokenization_utils_base.py:2033] 2022-11-08 10:54:15,749 >> tokenizer config file saved in chkpts/aflite_embedding_models/d-atomic-roberta-base/tokenizer_config.json
[INFO|tokenization_utils_base.py:2039] 2022-11-08 10:54:15,752 >> Special tokens file saved in chkpts/aflite_embedding_models/d-atomic-roberta-base/special_tokens_map.json
{'train_runtime': 143.2846, 'train_samples_per_second': 69.791, 'train_steps_per_second': 2.191, 'train_loss': 0.5939067184545432, 'epoch': 2.0}
***** train metrics *****
  epoch                    =        2.0
  train_loss               =     0.5939
  train_runtime            = 0:02:23.28
  train_samples            =       5000
  train_samples_per_second =     69.791
  train_steps_per_second   =      2.191
11/08/2022 10:54:15 - INFO - __main__ - *** Evaluate ***
[INFO|trainer.py:541] 2022-11-08 10:54:15,831 >> The following columns in the evaluation set  don't have a corresponding argument in `RobertaForSequenceClassification.forward` and have been ignored: sentence2, sentence1.
[WARNING|training_args.py:888] 2022-11-08 10:54:15,833 >> Using deprecated `--per_gpu_eval_batch_size` argument which will be removed in a future version. Using `--per_device_eval_batch_size` is preferred.
[INFO|trainer.py:2235] 2022-11-08 10:54:15,833 >> ***** Running Evaluation *****
[INFO|trainer.py:2237] 2022-11-08 10:54:15,833 >>   Num examples = 1000
[INFO|trainer.py:2240] 2022-11-08 10:54:15,833 >>   Batch size = 32

 97%|█████████▋| 31/32 [00:04<00:00,  6.32it/s][WARNING|training_args.py:888] 2022-11-08 10:54:20,797 >> Using deprecated `--per_gpu_eval_batch_size` argument which will be removed in a future version. Using `--per_device_eval_batch_size` is preferred.

100%|██████████| 32/32 [00:04<00:00,  6.68it/s]
[WARNING|training_args.py:888] 2022-11-08 10:54:20,807 >> Using deprecated `--per_gpu_eval_batch_size` argument which will be removed in a future version. Using `--per_device_eval_batch_size` is preferred.
[WARNING|training_args.py:888] 2022-11-08 10:54:20,807 >> Using deprecated `--per_gpu_eval_batch_size` argument which will be removed in a future version. Using `--per_device_eval_batch_size` is preferred.
[INFO|modelcard.py:446] 2022-11-08 10:54:21,054 >> Dropping the following result as it does not have all the necessary field:
{'task': {'name': 'Text Classification', 'type': 'text-classification'}, 'metrics': [{'name': 'Accuracy', 'type': 'accuracy', 'value': 0.7200000286102295}]}
***** eval metrics *****
  epoch                   =        2.0
  eval_accuracy           =       0.72
  eval_loss               =     0.5636
  eval_runtime            = 0:00:04.96
  eval_samples            =       1000
  eval_samples_per_second =    201.435
  eval_steps_per_second   =      6.446
