#### Generating AFLite embedding train/dev set for social ####
Unique premise-hypothesis pairs: 7893 / 77016
Loaded 77016 nonempty train examples...(skipped 3314 examples)
Unique premise-hypothesis pairs: 979 / 9343
Loaded 9343 nonempty dev examples...(skipped 467 examples)
Unique premise-hypothesis pairs: 982 / 9439
Loaded 9439 nonempty test examples...(skipped 421 examples)
Sampling 7701 train examples...
Used 775 of 7784 P-H pairs...
Sampling 1000 dev examples...
Used 105 of 977 P-H pairs...

#### Generating AFLite embedding train/dev set for atomic ####
Unique premise-hypothesis pairs: 17689 / 35002
Loaded 35002 nonempty train examples...(skipped 4034 examples)
Unique premise-hypothesis pairs: 1940 / 3840
Loaded 3840 nonempty dev examples...(skipped 470 examples)
Unique premise-hypothesis pairs: 2091 / 4138
Loaded 4138 nonempty test examples...(skipped 516 examples)
Sampling 5000 train examples...
Used 2472 of 17324 P-H pairs...
Sampling 1000 dev examples...
Used 496 of 1901 P-H pairs...

#### Generating AFLite embedding train/dev set for snli ####
Unique premise-hypothesis pairs: 9572 / 88676
Loaded 88676 nonempty train examples...(skipped 5184 examples)
Unique premise-hypothesis pairs: 195 / 1785
Loaded 1785 nonempty dev examples...(skipped 103 examples)
Unique premise-hypothesis pairs: 203 / 1837
Loaded 1837 nonempty test examples...(skipped 135 examples)
Sampling 8867 train examples...
Used 961 of 9537 P-H pairs...
Sampling 1000 dev examples...
Used 110 of 195 P-H pairs...

