################### atomic ###################
Unique premise-hypothesis pairs: 17689 / 35002
Loaded 35002 nonempty train examples...(skipped 4034 examples)
Unique premise-hypothesis pairs: 1940 / 3840
Loaded 3840 nonempty dev examples...(skipped 470 examples)
Unique premise-hypothesis pairs: 2091 / 4138
Loaded 4138 nonempty test examples...(skipped 516 examples)
Sampling 816 premise-hypotheses for annotation...
Sampled 1650 examples for annotation stratified selection and 28350 for training analysis model
0.7 139
0.9 628
0.5 100
0.3 73
0.1 133
0.0 112
0.6 89
0.2 103
0.8 187
0.4 86
Done with stratified selection!
250 annotation examples, 28350 analysis model training examples
################### social ###################
Unique premise-hypothesis pairs: 7893 / 77016
Loaded 77016 nonempty train examples...(skipped 3314 examples)
Unique premise-hypothesis pairs: 979 / 9343
Loaded 9343 nonempty dev examples...(skipped 467 examples)
Unique premise-hypothesis pairs: 982 / 9439
Loaded 9439 nonempty test examples...(skipped 421 examples)
Sampling 385 premise-hypotheses for annotation...
Sampled 3814 examples for annotation stratified selection and 65386 for training analysis model
0.1 197
0.6 267
0.9 1711
0.3 163
0.7 320
0.0 160
0.4 169
0.8 467
0.2 170
0.5 190
Done with stratified selection!
250 annotation examples, 65386 analysis model training examples
################### snli ###################
Unique premise-hypothesis pairs: 9572 / 88676
Loaded 88676 nonempty train examples...(skipped 5184 examples)
Unique premise-hypothesis pairs: 195 / 1785
Loaded 1785 nonempty dev examples...(skipped 103 examples)
Unique premise-hypothesis pairs: 203 / 1837
Loaded 1837 nonempty test examples...(skipped 135 examples)
Sampling 471 premise-hypotheses for annotation...
Sampled 4394 examples for annotation stratified selection and 75226 for training analysis model
0.9 823
0.6 445
0.5 410
0.7 606
0.3 354
0.4 408
0.8 532
0.2 356
0.0 94
0.1 366
Done with stratified selection!
250 annotation examples, 75226 analysis model training examples
