/fs/clip-scratch/nehasrik/miniconda3/envs/para-nlu/lib/python3.7/site-packages/transformers/configuration_utils.py:337: UserWarning: Passing `gradient_checkpointing` to a config initialization is deprecated and will be removed in v5 Transformers. Using `model.gradient_checkpointing_enable()` instead, or if you are using the `Trainer` API, pass `gradient_checkpointing=True` in your `TrainingArguments`.
  "Passing `gradient_checkpointing` to a config initialization is deprecated and will be removed in v5 "
################### atomic ###################
Unique premise-hypothesis pairs: 17689 / 35002
Loaded 35002 nonempty train examples...(skipped 4034 examples)
Unique premise-hypothesis pairs: 1940 / 3840
Loaded 3840 nonempty dev examples...(skipped 470 examples)
Unique premise-hypothesis pairs: 2091 / 4138
Loaded 4138 nonempty test examples...(skipped 516 examples)
Loading model from modeling/defeasible/chkpts/aflite_embedding_models/d-atomic-roberta-base
Running AFLite...

100%|██████████| 30001/30001 [00:00<00:00, 114217.40it/s]

100%|██████████| 64/64 [03:26<00:00,  3.22s/it]
X filter shape  (29501, 768)

100%|██████████| 64/64 [06:14<00:00,  5.85s/it]
X filter shape  (29001, 768)

  0%|          | 0/64 [00:00<?, ?it/s]
  2%|▏         | 1/64 [00:05<06:06,  5.82s/it]
  3%|▎         | 2/64 [00:11<05:55,  5.74s/it]
  5%|▍         | 3/64 [00:17<05:57,  5.87s/it]
  6%|▋         | 4/64 [00:24<06:29,  6.48s/it]
  8%|▊         | 5/64 [00:30<05:53,  5.99s/it]
  9%|▉         | 6/64 [00:36<05:55,  6.13s/it]
 11%|█         | 7/64 [00:42<05:42,  6.01s/it]
 12%|█▎        | 8/64 [00:49<05:56,  6.37s/it]
 14%|█▍        | 9/64 [00:54<05:21,  5.84s/it]
 16%|█▌        | 10/64 [01:00<05:23,  5.99s/it]
 17%|█▋        | 11/64 [01:06<05:21,  6.07s/it]
 19%|█▉        | 12/64 [01:11<05:01,  5.80s/it]
 20%|██        | 13/64 [01:16<04:37,  5.45s/it]
 22%|██▏       | 14/64 [01:21<04:22,  5.25s/it]
 23%|██▎       | 15/64 [01:28<04:40,  5.73s/it]
 25%|██▌       | 16/64 [01:34<04:44,  5.94s/it]
 27%|██▋       | 17/64 [01:39<04:24,  5.63s/it]
 28%|██▊       | 18/64 [01:44<04:05,  5.35s/it]
 30%|██▉       | 19/64 [01:50<04:16,  5.70s/it]
 31%|███▏      | 20/64 [01:58<04:35,  6.26s/it]
 33%|███▎      | 21/64 [02:03<04:13,  5.89s/it]
 34%|███▍      | 22/64 [02:08<04:00,  5.72s/it]
 36%|███▌      | 23/64 [02:15<04:06,  6.02s/it]
 38%|███▊      | 24/64 [02:22<04:14,  6.36s/it]
 39%|███▉      | 25/64 [02:28<04:02,  6.22s/it]
 41%|████      | 26/64 [02:34<03:50,  6.08s/it]
 42%|████▏     | 27/64 [02:42<04:09,  6.75s/it]
 44%|████▍     | 28/64 [02:49<04:04,  6.79s/it]
 45%|████▌     | 29/64 [02:54<03:44,  6.41s/it]
 47%|████▋     | 30/64 [03:00<03:35,  6.33s/it]
 48%|████▊     | 31/64 [03:06<03:25,  6.22s/it]
 50%|█████     | 32/64 [03:13<03:21,  6.30s/it]
 52%|█████▏    | 33/64 [03:21<03:29,  6.77s/it]
 53%|█████▎    | 34/64 [03:28<03:24,  6.80s/it]
 55%|█████▍    | 35/64 [03:35<03:20,  6.90s/it]
 56%|█████▋    | 36/64 [03:41<03:07,  6.68s/it]
 58%|█████▊    | 37/64 [03:45<02:39,  5.92s/it]
 59%|█████▉    | 38/64 [03:51<02:37,  6.06s/it]
 61%|██████    | 39/64 [03:58<02:33,  6.13s/it]
 62%|██████▎   | 40/64 [04:03<02:23,  5.98s/it]
 64%|██████▍   | 41/64 [04:10<02:20,  6.10s/it]
 66%|██████▌   | 42/64 [04:16<02:12,  6.04s/it]
 67%|██████▋   | 43/64 [04:23<02:16,  6.48s/it]
 69%|██████▉   | 44/64 [04:29<02:07,  6.39s/it]
 70%|███████   | 45/64 [04:35<01:58,  6.26s/it]
 72%|███████▏  | 46/64 [04:41<01:51,  6.18s/it]
 73%|███████▎  | 47/64 [04:47<01:42,  6.06s/it]
 75%|███████▌  | 48/64 [04:52<01:33,  5.82s/it]
 77%|███████▋  | 49/64 [04:57<01:21,  5.42s/it]
 78%|███████▊  | 50/64 [05:03<01:17,  5.52s/it]
 80%|███████▉  | 51/64 [05:08<01:12,  5.61s/it]
 81%|████████▏ | 52/64 [05:15<01:09,  5.82s/it]
 83%|████████▎ | 53/64 [05:21<01:04,  5.88s/it]
 84%|████████▍ | 54/64 [05:28<01:01,  6.18s/it]
 86%|████████▌ | 55/64 [05:34<00:55,  6.15s/it]
 88%|████████▊ | 56/64 [05:39<00:47,  5.97s/it]
 89%|████████▉ | 57/64 [05:46<00:43,  6.19s/it]
 91%|█████████ | 58/64 [05:51<00:35,  5.94s/it]
 92%|█████████▏| 59/64 [05:57<00:29,  5.85s/it]
 94%|█████████▍| 60/64 [06:03<00:23,  5.80s/it]
 95%|█████████▌| 61/64 [06:08<00:17,  5.77s/it]
 97%|█████████▋| 62/64 [06:15<00:12,  6.03s/it]
 98%|█████████▊| 63/64 [06:20<00:05,  5.86s/it]
100%|██████████| 64/64 [06:26<00:00,  5.67s/it]
100%|██████████| 64/64 [06:26<00:00,  6.03s/it]
X filter shape  (28501, 768)

  0%|          | 0/64 [00:00<?, ?it/s]
  2%|▏         | 1/64 [00:05<06:11,  5.89s/it]
  3%|▎         | 2/64 [00:12<06:45,  6.54s/it]
  5%|▍         | 3/64 [00:19<06:33,  6.44s/it]
  6%|▋         | 4/64 [00:23<05:34,  5.58s/it]
  8%|▊         | 5/64 [00:29<05:42,  5.81s/it]
  9%|▉         | 6/64 [00:35<05:30,  5.70s/it]
 11%|█         | 7/64 [00:41<05:30,  5.80s/it]
 12%|█▎        | 8/64 [00:49<06:03,  6.50s/it]
 14%|█▍        | 9/64 [00:54<05:30,  6.00s/it]
 16%|█▌        | 10/64 [01:01<05:44,  6.38s/it]
 17%|█▋        | 11/64 [01:05<05:09,  5.85s/it]
 19%|█▉        | 12/64 [01:11<05:04,  5.86s/it]
 20%|██        | 13/64 [01:17<04:51,  5.72s/it]
 22%|██▏       | 14/64 [01:23<04:49,  5.78s/it]
 23%|██▎       | 15/64 [01:29<04:56,  6.05s/it]
 25%|██▌       | 16/64 [01:36<04:53,  6.11s/it]
 27%|██▋       | 17/64 [01:42<04:53,  6.24s/it]
 28%|██▊       | 18/64 [01:48<04:44,  6.17s/it]
 30%|██▉       | 19/64 [01:54<04:40,  6.23s/it]
 31%|███▏      | 20/64 [02:00<04:30,  6.15s/it]
 33%|███▎      | 21/64 [02:07<04:26,  6.21s/it]
 34%|███▍      | 22/64 [02:13<04:21,  6.22s/it]
 36%|███▌      | 23/64 [02:19<04:15,  6.23s/it]
 38%|███▊      | 24/64 [02:24<03:49,  5.74s/it]
 39%|███▉      | 25/64 [02:29<03:34,  5.50s/it]
 41%|████      | 26/64 [02:34<03:24,  5.39s/it]
 42%|████▏     | 27/64 [02:40<03:21,  5.45s/it]
 44%|████▍     | 28/64 [02:47<03:33,  5.92s/it]
 45%|████▌     | 29/64 [02:53<03:31,  6.05s/it]
 47%|████▋     | 30/64 [02:57<03:05,  5.44s/it]
 48%|████▊     | 31/64 [03:02<02:56,  5.35s/it]
 50%|█████     | 32/64 [03:08<02:56,  5.53s/it]
 52%|█████▏    | 33/64 [03:13<02:44,  5.30s/it]
 53%|█████▎    | 34/64 [03:18<02:40,  5.34s/it]
 55%|█████▍    | 35/64 [03:24<02:41,  5.59s/it]
 56%|█████▋    | 36/64 [03:32<02:52,  6.14s/it]
 58%|█████▊    | 37/64 [03:38<02:46,  6.16s/it]
 59%|█████▉    | 38/64 [03:44<02:40,  6.16s/it]
 61%|██████    | 39/64 [03:48<02:18,  5.55s/it]
 62%|██████▎   | 40/64 [03:55<02:21,  5.91s/it]
 64%|██████▍   | 41/64 [04:01<02:17,  6.00s/it]
 66%|██████▌   | 42/64 [04:07<02:12,  6.03s/it]
 67%|██████▋   | 43/64 [04:14<02:07,  6.08s/it]
 69%|██████▉   | 44/64 [04:19<01:56,  5.82s/it]
 70%|███████   | 45/64 [04:25<01:50,  5.84s/it]
 72%|███████▏  | 46/64 [04:30<01:43,  5.74s/it]
 73%|███████▎  | 47/64 [04:36<01:39,  5.83s/it]
 75%|███████▌  | 48/64 [04:43<01:35,  5.98s/it]
 77%|███████▋  | 49/64 [04:49<01:31,  6.07s/it]
 78%|███████▊  | 50/64 [04:57<01:33,  6.65s/it]
 80%|███████▉  | 51/64 [05:03<01:26,  6.62s/it]
 81%|████████▏ | 52/64 [05:09<01:17,  6.44s/it]
 83%|████████▎ | 53/64 [05:14<01:05,  5.98s/it]
 84%|████████▍ | 54/64 [05:20<00:59,  5.93s/it]
 86%|████████▌ | 55/64 [05:26<00:52,  5.87s/it]
 88%|████████▊ | 56/64 [05:32<00:47,  5.99s/it]
 89%|████████▉ | 57/64 [05:39<00:43,  6.25s/it]
 91%|█████████ | 58/64 [05:45<00:37,  6.22s/it]
 92%|█████████▏| 59/64 [05:52<00:32,  6.54s/it]
 94%|█████████▍| 60/64 [05:59<00:26,  6.54s/it]
 95%|█████████▌| 61/64 [06:05<00:18,  6.29s/it]
 97%|█████████▋| 62/64 [06:11<00:12,  6.45s/it]
 98%|█████████▊| 63/64 [06:19<00:06,  6.70s/it]
100%|██████████| 64/64 [06:23<00:00,  5.82s/it]
100%|██████████| 64/64 [06:23<00:00,  5.98s/it]
X filter shape  (28001, 768)

  0%|          | 0/64 [00:00<?, ?it/s]
  2%|▏         | 1/64 [00:07<07:29,  7.13s/it]
  3%|▎         | 2/64 [00:13<06:43,  6.51s/it]
  5%|▍         | 3/64 [00:17<05:46,  5.68s/it]
  6%|▋         | 4/64 [00:24<05:58,  5.97s/it]
  8%|▊         | 5/64 [00:30<06:01,  6.12s/it]
  9%|▉         | 6/64 [00:38<06:19,  6.54s/it]
 11%|█         | 7/64 [00:44<06:02,  6.35s/it]
 12%|█▎        | 8/64 [00:51<06:15,  6.71s/it]
 14%|█▍        | 9/64 [00:56<05:46,  6.29s/it]
 16%|█▌        | 10/64 [01:02<05:21,  5.95s/it]
 17%|█▋        | 11/64 [01:08<05:24,  6.12s/it]
 19%|█▉        | 12/64 [01:13<04:57,  5.72s/it]
 20%|██        | 13/64 [01:19<05:02,  5.92s/it]
 22%|██▏       | 14/64 [01:25<04:59,  6.00s/it]
 23%|██▎       | 15/64 [01:32<05:06,  6.25s/it]
 25%|██▌       | 16/64 [01:37<04:38,  5.80s/it]
 27%|██▋       | 17/64 [01:41<04:13,  5.39s/it]
 28%|██▊       | 18/64 [01:47<04:06,  5.36s/it]
 30%|██▉       | 19/64 [01:54<04:24,  5.89s/it]
 31%|███▏      | 20/64 [02:00<04:19,  5.91s/it]
 33%|███▎      | 21/64 [02:05<03:58,  5.56s/it]
 34%|███▍      | 22/64 [02:11<04:00,  5.72s/it]
 36%|███▌      | 23/64 [02:16<03:46,  5.51s/it]
 38%|███▊      | 24/64 [02:21<03:41,  5.55s/it]
 39%|███▉      | 25/64 [02:28<03:55,  6.03s/it]
 41%|████      | 26/64 [02:35<03:59,  6.30s/it]
 42%|████▏     | 27/64 [02:40<03:35,  5.83s/it]
 44%|████▍     | 28/64 [02:45<03:24,  5.67s/it]
 45%|████▌     | 29/64 [02:50<03:10,  5.45s/it]
 47%|████▋     | 30/64 [02:56<03:02,  5.37s/it]
 48%|████▊     | 31/64 [03:00<02:46,  5.04s/it]
 50%|█████     | 32/64 [03:07<02:58,  5.58s/it]
 52%|█████▏    | 33/64 [03:13<02:59,  5.78s/it]
 53%|█████▎    | 34/64 [03:17<02:41,  5.40s/it]
 55%|█████▍    | 35/64 [03:23<02:39,  5.51s/it]
 56%|█████▋    | 36/64 [03:28<02:29,  5.34s/it]
 58%|█████▊    | 37/64 [03:34<02:28,  5.50s/it]
 59%|█████▉    | 38/64 [03:38<02:13,  5.12s/it]
 61%|██████    | 39/64 [03:44<02:14,  5.39s/it]
 62%|██████▎   | 40/64 [03:50<02:10,  5.44s/it]
 64%|██████▍   | 41/64 [03:56<02:07,  5.54s/it]
 66%|██████▌   | 42/64 [04:02<02:05,  5.71s/it]
 67%|██████▋   | 43/64 [04:08<02:00,  5.75s/it]
 69%|██████▉   | 44/64 [04:14<01:58,  5.91s/it]
 70%|███████   | 45/64 [04:19<01:47,  5.64s/it]
 72%|███████▏  | 46/64 [04:25<01:43,  5.75s/it]
 73%|███████▎  | 47/64 [04:31<01:41,  5.99s/it]
 75%|███████▌  | 48/64 [04:37<01:34,  5.91s/it]
 77%|███████▋  | 49/64 [04:45<01:35,  6.37s/it]
 78%|███████▊  | 50/64 [04:50<01:27,  6.21s/it]
 80%|███████▉  | 51/64 [04:56<01:18,  6.06s/it]
 81%|████████▏ | 52/64 [05:01<01:08,  5.74s/it]
 83%|████████▎ | 53/64 [05:07<01:03,  5.77s/it]
 84%|████████▍ | 54/64 [05:13<00:57,  5.75s/it]
 86%|████████▌ | 55/64 [05:17<00:49,  5.48s/it]
 88%|████████▊ | 56/64 [05:23<00:44,  5.54s/it]
 89%|████████▉ | 57/64 [05:29<00:39,  5.68s/it]
 91%|█████████ | 58/64 [05:35<00:34,  5.80s/it]
 92%|█████████▏| 59/64 [05:39<00:26,  5.32s/it]
 94%|█████████▍| 60/64 [05:44<00:20,  5.18s/it]
 95%|█████████▌| 61/64 [05:50<00:16,  5.34s/it]
 97%|█████████▋| 62/64 [05:57<00:11,  5.79s/it]
 98%|█████████▊| 63/64 [06:03<00:05,  5.94s/it]
100%|██████████| 64/64 [06:08<00:00,  5.74s/it]
100%|██████████| 64/64 [06:08<00:00,  5.76s/it]
X filter shape  (27501, 768)

  0%|          | 0/64 [00:00<?, ?it/s]
  2%|▏         | 1/64 [00:04<04:45,  4.53s/it]
  3%|▎         | 2/64 [00:10<05:24,  5.23s/it]
  5%|▍         | 3/64 [00:14<04:41,  4.62s/it]
  6%|▋         | 4/64 [00:20<05:13,  5.23s/it]
  8%|▊         | 5/64 [00:24<04:46,  4.86s/it]
  9%|▉         | 6/64 [00:28<04:29,  4.64s/it]
 11%|█         | 7/64 [00:34<04:40,  4.92s/it]
 12%|█▎        | 8/64 [00:40<04:51,  5.21s/it]
 14%|█▍        | 9/64 [00:46<05:12,  5.68s/it]
 16%|█▌        | 10/64 [00:52<05:04,  5.64s/it]
 17%|█▋        | 11/64 [00:59<05:25,  6.14s/it]
 19%|█▉        | 12/64 [01:05<05:18,  6.12s/it]
 20%|██        | 13/64 [01:12<05:25,  6.38s/it]
 22%|██▏       | 14/64 [01:17<05:03,  6.07s/it]
 23%|██▎       | 15/64 [01:24<05:10,  6.34s/it]
 25%|██▌       | 16/64 [01:30<04:59,  6.23s/it]
 27%|██▋       | 17/64 [01:37<04:51,  6.20s/it]
 28%|██▊       | 18/64 [01:43<04:55,  6.42s/it]
 30%|██▉       | 19/64 [01:49<04:38,  6.19s/it]
 31%|███▏      | 20/64 [01:55<04:26,  6.06s/it]
 33%|███▎      | 21/64 [01:59<03:59,  5.56s/it]
 34%|███▍      | 22/64 [02:06<04:06,  5.87s/it]
 36%|███▌      | 23/64 [02:12<04:03,  5.93s/it]
 38%|███▊      | 24/64 [02:18<03:53,  5.83s/it]
 39%|███▉      | 25/64 [02:23<03:38,  5.61s/it]
 41%|████      | 26/64 [02:28<03:31,  5.55s/it]
 42%|████▏     | 27/64 [02:33<03:23,  5.51s/it]
 44%|████▍     | 28/64 [02:40<03:25,  5.70s/it]
 45%|████▌     | 29/64 [02:46<03:24,  5.85s/it]
 47%|████▋     | 30/64 [02:52<03:18,  5.84s/it]
 48%|████▊     | 31/64 [02:58<03:13,  5.87s/it]
 50%|█████     | 32/64 [03:01<02:47,  5.23s/it]
 52%|█████▏    | 33/64 [03:06<02:37,  5.08s/it]
 53%|█████▎    | 34/64 [03:12<02:39,  5.32s/it]
 55%|█████▍    | 35/64 [03:18<02:39,  5.50s/it]
 56%|█████▋    | 36/64 [03:22<02:20,  5.03s/it]
 58%|█████▊    | 37/64 [03:28<02:28,  5.50s/it]
 59%|█████▉    | 38/64 [03:34<02:27,  5.66s/it]
 61%|██████    | 39/64 [03:40<02:19,  5.57s/it]
 62%|██████▎   | 40/64 [03:45<02:14,  5.59s/it]
 64%|██████▍   | 41/64 [03:50<02:02,  5.32s/it]
 66%|██████▌   | 42/64 [03:56<01:59,  5.43s/it]
 67%|██████▋   | 43/64 [04:02<02:01,  5.76s/it]
 69%|██████▉   | 44/64 [04:08<01:54,  5.73s/it]
 70%|███████   | 45/64 [04:14<01:52,  5.94s/it]
 72%|███████▏  | 46/64 [04:21<01:48,  6.04s/it]
 73%|███████▎  | 47/64 [04:25<01:36,  5.67s/it]
 75%|███████▌  | 48/64 [04:32<01:32,  5.79s/it]
 77%|███████▋  | 49/64 [04:37<01:27,  5.84s/it]
 78%|███████▊  | 50/64 [04:43<01:20,  5.74s/it]
 80%|███████▉  | 51/64 [04:48<01:13,  5.62s/it]
 81%|████████▏ | 52/64 [04:55<01:10,  5.91s/it]
 83%|████████▎ | 53/64 [05:00<01:01,  5.63s/it]
 84%|████████▍ | 54/64 [05:06<00:58,  5.81s/it]
 86%|████████▌ | 55/64 [05:11<00:50,  5.58s/it]
 88%|████████▊ | 56/64 [05:17<00:45,  5.74s/it]
 89%|████████▉ | 57/64 [05:24<00:43,  6.15s/it]
 91%|█████████ | 58/64 [05:29<00:33,  5.61s/it]
 92%|█████████▏| 59/64 [05:35<00:28,  5.67s/it]
 94%|█████████▍| 60/64 [05:40<00:21,  5.45s/it]
 95%|█████████▌| 61/64 [05:43<00:14,  4.96s/it]
 97%|█████████▋| 62/64 [05:49<00:10,  5.07s/it]
 98%|█████████▊| 63/64 [05:55<00:05,  5.50s/it]
100%|██████████| 64/64 [06:02<00:00,  5.78s/it]
100%|██████████| 64/64 [06:02<00:00,  5.66s/it]
X filter shape  (27001, 768)

  0%|          | 0/64 [00:00<?, ?it/s]
  2%|▏         | 1/64 [00:05<05:55,  5.65s/it]
  3%|▎         | 2/64 [00:09<05:02,  4.88s/it]
  5%|▍         | 3/64 [00:16<05:31,  5.43s/it]
  6%|▋         | 4/64 [00:21<05:22,  5.38s/it]
  8%|▊         | 5/64 [00:27<05:29,  5.59s/it]
  9%|▉         | 6/64 [00:32<05:17,  5.48s/it]
 11%|█         | 7/64 [00:39<05:35,  5.89s/it]
 12%|█▎        | 8/64 [00:44<05:21,  5.75s/it]
 14%|█▍        | 9/64 [00:50<05:16,  5.76s/it]
 16%|█▌        | 10/64 [00:56<05:10,  5.75s/it]
 17%|█▋        | 11/64 [01:01<05:00,  5.68s/it]
 19%|█▉        | 12/64 [01:07<05:02,  5.82s/it]
 20%|██        | 13/64 [01:14<05:12,  6.13s/it]
 22%|██▏       | 14/64 [01:19<04:48,  5.76s/it]
 23%|██▎       | 15/64 [01:26<05:04,  6.21s/it]
 25%|██▌       | 16/64 [01:32<04:51,  6.07s/it]
 27%|██▋       | 17/64 [01:38<04:46,  6.09s/it]
 28%|██▊       | 18/64 [01:45<04:54,  6.40s/it]
 30%|██▉       | 19/64 [01:51<04:37,  6.17s/it]
 31%|███▏      | 20/64 [01:54<03:53,  5.32s/it]
 33%|███▎      | 21/64 [01:58<03:29,  4.87s/it]
 34%|███▍      | 22/64 [02:02<03:11,  4.56s/it]
 36%|███▌      | 23/64 [02:08<03:27,  5.07s/it]
 38%|███▊      | 24/64 [02:14<03:30,  5.26s/it]
 39%|███▉      | 25/64 [02:20<03:29,  5.38s/it]
 41%|████      | 26/64 [02:25<03:20,  5.28s/it]
 42%|████▏     | 27/64 [02:30<03:15,  5.29s/it]
 44%|████▍     | 28/64 [02:36<03:14,  5.41s/it]
 45%|████▌     | 29/64 [02:41<03:03,  5.24s/it]
 47%|████▋     | 30/64 [02:46<03:01,  5.33s/it]
 48%|████▊     | 31/64 [02:50<02:46,  5.03s/it]
 50%|█████     | 32/64 [02:55<02:34,  4.83s/it]
 52%|█████▏    | 33/64 [03:01<02:39,  5.13s/it]
 53%|█████▎    | 34/64 [03:07<02:42,  5.40s/it]
 55%|█████▍    | 35/64 [03:13<02:44,  5.67s/it]
 56%|█████▋    | 36/64 [03:20<02:47,  5.99s/it]
 58%|█████▊    | 37/64 [03:26<02:40,  5.96s/it]
 59%|█████▉    | 38/64 [03:31<02:28,  5.72s/it]
 61%|██████    | 39/64 [03:38<02:30,  6.03s/it]
 62%|██████▎   | 40/64 [03:43<02:18,  5.78s/it]
 64%|██████▍   | 41/64 [03:49<02:14,  5.87s/it]
 66%|██████▌   | 42/64 [03:56<02:18,  6.28s/it]
 67%|██████▋   | 43/64 [04:02<02:06,  6.03s/it]
 69%|██████▉   | 44/64 [04:08<02:03,  6.15s/it]
 70%|███████   | 45/64 [04:15<02:04,  6.55s/it]
 72%|███████▏  | 46/64 [04:21<01:53,  6.29s/it]
 73%|███████▎  | 47/64 [04:29<01:52,  6.64s/it]
 75%|███████▌  | 48/64 [04:34<01:41,  6.36s/it]
 77%|███████▋  | 49/64 [04:39<01:30,  6.02s/it]
 78%|███████▊  | 50/64 [04:46<01:28,  6.29s/it]
 80%|███████▉  | 51/64 [04:53<01:22,  6.35s/it]
 81%|████████▏ | 52/64 [04:58<01:11,  5.98s/it]
 83%|████████▎ | 53/64 [05:04<01:05,  5.92s/it]
 84%|████████▍ | 54/64 [05:10<00:58,  5.86s/it]
 86%|████████▌ | 55/64 [05:17<00:56,  6.31s/it]
 88%|████████▊ | 56/64 [05:22<00:46,  5.87s/it]
 89%|████████▉ | 57/64 [05:28<00:41,  5.94s/it]
 91%|█████████ | 58/64 [05:33<00:33,  5.58s/it]
 92%|█████████▏| 59/64 [05:38<00:28,  5.63s/it]
 94%|█████████▍| 60/64 [05:44<00:23,  5.77s/it]
 95%|█████████▌| 61/64 [05:50<00:17,  5.67s/it]
 97%|█████████▋| 62/64 [05:56<00:11,  5.70s/it]
 98%|█████████▊| 63/64 [06:03<00:06,  6.10s/it]
100%|██████████| 64/64 [06:08<00:00,  5.78s/it]
100%|██████████| 64/64 [06:08<00:00,  5.75s/it]
X filter shape  (26501, 768)

  0%|          | 0/64 [00:00<?, ?it/s]
  2%|▏         | 1/64 [00:05<05:38,  5.37s/it]
  3%|▎         | 2/64 [00:11<06:00,  5.82s/it]
  5%|▍         | 3/64 [00:16<05:45,  5.66s/it]
  6%|▋         | 4/64 [00:23<06:09,  6.16s/it]
  8%|▊         | 5/64 [00:30<06:12,  6.31s/it]
  9%|▉         | 6/64 [00:37<06:11,  6.41s/it]
 11%|█         | 7/64 [00:42<05:56,  6.25s/it]
 12%|█▎        | 8/64 [00:49<05:53,  6.32s/it]
 14%|█▍        | 9/64 [00:55<05:36,  6.11s/it]
 16%|█▌        | 10/64 [01:00<05:19,  5.91s/it]
 17%|█▋        | 11/64 [01:06<05:07,  5.81s/it]
 19%|█▉        | 12/64 [01:12<05:05,  5.87s/it]
 20%|██        | 13/64 [01:17<04:48,  5.66s/it]
 22%|██▏       | 14/64 [01:21<04:26,  5.32s/it]
 23%|██▎       | 15/64 [01:26<04:17,  5.25s/it]
 25%|██▌       | 16/64 [01:33<04:35,  5.74s/it]
 27%|██▋       | 17/64 [01:38<04:14,  5.40s/it]
 28%|██▊       | 18/64 [01:44<04:20,  5.66s/it]
 30%|██▉       | 19/64 [01:51<04:23,  5.86s/it]
 31%|███▏      | 20/64 [01:56<04:17,  5.84s/it]
 33%|███▎      | 21/64 [02:01<03:58,  5.56s/it]
 34%|███▍      | 22/64 [02:08<04:04,  5.83s/it]
 36%|███▌      | 23/64 [02:14<04:08,  6.05s/it]
 38%|███▊      | 24/64 [02:21<04:07,  6.18s/it]
 39%|███▉      | 25/64 [02:25<03:40,  5.65s/it]
 41%|████      | 26/64 [02:31<03:31,  5.55s/it]
 42%|████▏     | 27/64 [02:36<03:24,  5.52s/it]
 44%|████▍     | 28/64 [02:42<03:20,  5.56s/it]
 45%|████▌     | 29/64 [02:47<03:09,  5.42s/it]
 47%|████▋     | 30/64 [02:51<02:56,  5.19s/it]
 48%|████▊     | 31/64 [02:58<03:07,  5.67s/it]
 50%|█████     | 32/64 [03:05<03:10,  5.94s/it]
 52%|█████▏    | 33/64 [03:11<03:05,  6.00s/it]
 53%|█████▎    | 34/64 [03:17<03:02,  6.09s/it]
 55%|█████▍    | 35/64 [03:22<02:43,  5.63s/it]
 56%|█████▋    | 36/64 [03:29<02:47,  6.00s/it]
 58%|█████▊    | 37/64 [03:35<02:42,  6.02s/it]
 59%|█████▉    | 38/64 [03:39<02:24,  5.57s/it]
 61%|██████    | 39/64 [03:46<02:25,  5.80s/it]
 62%|██████▎   | 40/64 [03:50<02:07,  5.32s/it]
 64%|██████▍   | 41/64 [03:55<02:04,  5.43s/it]
 66%|██████▌   | 42/64 [04:01<02:03,  5.60s/it]
 67%|██████▋   | 43/64 [04:07<01:55,  5.50s/it]
 69%|██████▉   | 44/64 [04:12<01:51,  5.59s/it]
 70%|███████   | 45/64 [04:18<01:43,  5.43s/it]
 72%|███████▏  | 46/64 [04:23<01:38,  5.47s/it]
 73%|███████▎  | 47/64 [04:30<01:38,  5.80s/it]
 75%|███████▌  | 48/64 [04:35<01:29,  5.59s/it]
 77%|███████▋  | 49/64 [04:40<01:23,  5.55s/it]
 78%|███████▊  | 50/64 [04:45<01:13,  5.22s/it]
 80%|███████▉  | 51/64 [04:51<01:10,  5.46s/it]
 81%|████████▏ | 52/64 [04:56<01:06,  5.52s/it]
 83%|████████▎ | 53/64 [05:02<01:02,  5.69s/it]
 84%|████████▍ | 54/64 [05:07<00:53,  5.40s/it]
 86%|████████▌ | 55/64 [05:13<00:48,  5.39s/it]
 88%|████████▊ | 56/64 [05:18<00:44,  5.51s/it]
 89%|████████▉ | 57/64 [05:22<00:35,  5.05s/it]
 91%|█████████ | 58/64 [05:28<00:30,  5.14s/it]
 92%|█████████▏| 59/64 [05:33<00:26,  5.20s/it]
 94%|█████████▍| 60/64 [05:37<00:19,  4.94s/it]
 95%|█████████▌| 61/64 [05:43<00:15,  5.30s/it]
 97%|█████████▋| 62/64 [05:48<00:10,  5.19s/it]
 98%|█████████▊| 63/64 [05:54<00:05,  5.31s/it]
100%|██████████| 64/64 [06:00<00:00,  5.62s/it]
100%|██████████| 64/64 [06:00<00:00,  5.64s/it]
X filter shape  (26001, 768)

  0%|          | 0/64 [00:00<?, ?it/s]
  2%|▏         | 1/64 [00:04<04:13,  4.03s/it]
  3%|▎         | 2/64 [00:10<05:34,  5.40s/it]
  5%|▍         | 3/64 [00:17<06:21,  6.25s/it]
  6%|▋         | 4/64 [00:23<06:13,  6.22s/it]
  8%|▊         | 5/64 [00:30<06:11,  6.30s/it]
  9%|▉         | 6/64 [00:35<05:48,  6.01s/it]
 11%|█         | 7/64 [00:41<05:46,  6.07s/it]
 12%|█▎        | 8/64 [00:49<06:00,  6.44s/it]
 14%|█▍        | 9/64 [00:53<05:17,  5.78s/it]
 16%|█▌        | 10/64 [00:59<05:19,  5.91s/it]
 17%|█▋        | 11/64 [01:05<05:06,  5.78s/it]
 19%|█▉        | 12/64 [01:12<05:23,  6.22s/it]
 20%|██        | 13/64 [01:16<04:43,  5.56s/it]
 22%|██▏       | 14/64 [01:20<04:18,  5.16s/it]
 23%|██▎       | 15/64 [01:26<04:29,  5.51s/it]
 25%|██▌       | 16/64 [01:32<04:26,  5.55s/it]
 27%|██▋       | 17/64 [01:38<04:29,  5.73s/it]
 28%|██▊       | 18/64 [01:44<04:20,  5.66s/it]
 30%|██▉       | 19/64 [01:48<03:57,  5.28s/it]
 31%|███▏      | 20/64 [01:55<04:11,  5.71s/it]
 33%|███▎      | 21/64 [02:00<03:55,  5.48s/it]
 34%|███▍      | 22/64 [02:06<04:04,  5.82s/it]
 36%|███▌      | 23/64 [02:12<03:59,  5.84s/it]
 38%|███▊      | 24/64 [02:19<04:05,  6.13s/it]
 39%|███▉      | 25/64 [02:25<03:56,  6.06s/it]
 41%|████      | 26/64 [02:31<03:46,  5.96s/it]
 42%|████▏     | 27/64 [02:37<03:43,  6.05s/it]
 44%|████▍     | 28/64 [02:41<03:15,  5.44s/it]
 45%|████▌     | 29/64 [02:49<03:32,  6.08s/it]
 47%|████▋     | 30/64 [02:56<03:39,  6.45s/it]
 48%|████▊     | 31/64 [03:02<03:26,  6.26s/it]
 50%|█████     | 32/64 [03:05<02:53,  5.41s/it]
 52%|█████▏    | 33/64 [03:13<03:07,  6.05s/it]
 53%|█████▎    | 34/64 [03:18<02:50,  5.68s/it]
 55%|█████▍    | 35/64 [03:26<03:05,  6.40s/it]
 56%|█████▋    | 36/64 [03:34<03:12,  6.87s/it]
 58%|█████▊    | 37/64 [03:40<03:03,  6.78s/it]
 59%|█████▉    | 38/64 [03:48<03:02,  7.01s/it]
 61%|██████    | 39/64 [03:53<02:42,  6.50s/it]
 62%|██████▎   | 40/64 [04:00<02:36,  6.52s/it]
 64%|██████▍   | 41/64 [04:07<02:32,  6.65s/it]
 66%|██████▌   | 42/64 [04:14<02:31,  6.87s/it]
 67%|██████▋   | 43/64 [04:21<02:24,  6.87s/it]
 69%|██████▉   | 44/64 [04:26<02:06,  6.32s/it]
 70%|███████   | 45/64 [04:34<02:09,  6.84s/it]
 72%|███████▏  | 46/64 [04:38<01:48,  6.03s/it]
 73%|███████▎  | 47/64 [04:45<01:47,  6.32s/it]
 75%|███████▌  | 48/64 [04:49<01:30,  5.64s/it]
 77%|███████▋  | 49/64 [04:55<01:25,  5.67s/it]
 78%|███████▊  | 50/64 [05:01<01:23,  5.96s/it]
 80%|███████▉  | 51/64 [05:06<01:13,  5.63s/it]
 81%|████████▏ | 52/64 [05:12<01:09,  5.75s/it]
 83%|████████▎ | 53/64 [05:19<01:05,  5.99s/it]
 84%|████████▍ | 54/64 [05:24<00:57,  5.72s/it]
 86%|████████▌ | 55/64 [05:30<00:53,  5.96s/it]
 88%|████████▊ | 56/64 [05:34<00:42,  5.28s/it]
 89%|████████▉ | 57/64 [05:41<00:39,  5.70s/it]
 91%|█████████ | 58/64 [05:47<00:34,  5.77s/it]
 92%|█████████▏| 59/64 [05:55<00:32,  6.46s/it]
 94%|█████████▍| 60/64 [06:02<00:26,  6.63s/it]
 95%|█████████▌| 61/64 [06:07<00:18,  6.11s/it]
 97%|█████████▋| 62/64 [06:14<00:12,  6.33s/it]
 98%|█████████▊| 63/64 [06:18<00:05,  5.61s/it]
100%|██████████| 64/64 [06:23<00:00,  5.56s/it]
100%|██████████| 64/64 [06:23<00:00,  5.99s/it]
X filter shape  (25501, 768)

  0%|          | 0/64 [00:00<?, ?it/s]
  2%|▏         | 1/64 [00:06<06:41,  6.38s/it]
  3%|▎         | 2/64 [00:13<06:53,  6.67s/it]
  5%|▍         | 3/64 [00:20<07:08,  7.02s/it]
  6%|▋         | 4/64 [00:25<06:15,  6.26s/it]
  8%|▊         | 5/64 [00:31<06:07,  6.24s/it]
  9%|▉         | 6/64 [00:39<06:19,  6.55s/it]
 11%|█         | 7/64 [00:46<06:23,  6.73s/it]
 12%|█▎        | 8/64 [00:52<06:00,  6.44s/it]
 14%|█▍        | 9/64 [00:57<05:45,  6.27s/it]
 16%|█▌        | 10/64 [01:03<05:22,  5.96s/it]
 17%|█▋        | 11/64 [01:09<05:20,  6.04s/it]
 19%|█▉        | 12/64 [01:16<05:37,  6.49s/it]
 20%|██        | 13/64 [01:22<05:17,  6.23s/it]
 22%|██▏       | 14/64 [01:28<05:13,  6.27s/it]
 23%|██▎       | 15/64 [01:35<05:15,  6.44s/it]
 25%|██▌       | 16/64 [01:40<04:42,  5.88s/it]
 27%|██▋       | 17/64 [01:44<04:05,  5.22s/it]
 28%|██▊       | 18/64 [01:51<04:25,  5.78s/it]
 30%|██▉       | 19/64 [01:57<04:30,  6.00s/it]
 31%|███▏      | 20/64 [02:03<04:20,  5.93s/it]
 33%|███▎      | 21/64 [02:09<04:19,  6.04s/it]
 34%|███▍      | 22/64 [02:17<04:38,  6.62s/it]
 36%|███▌      | 23/64 [02:23<04:16,  6.26s/it]
 38%|███▊      | 24/64 [02:30<04:20,  6.52s/it]
 39%|███▉      | 25/64 [02:36<04:08,  6.38s/it]
 41%|████      | 26/64 [02:42<04:03,  6.41s/it]
 42%|████▏     | 27/64 [02:49<03:59,  6.48s/it]
 44%|████▍     | 28/64 [02:56<03:58,  6.62s/it]
 45%|████▌     | 29/64 [03:01<03:37,  6.22s/it]
 47%|████▋     | 30/64 [03:08<03:34,  6.32s/it]
 48%|████▊     | 31/64 [03:14<03:30,  6.37s/it]
 50%|█████     | 32/64 [03:19<03:13,  6.04s/it]
 52%|█████▏    | 33/64 [03:27<03:23,  6.55s/it]
 53%|█████▎    | 34/64 [03:33<03:12,  6.41s/it]
 55%|█████▍    | 35/64 [03:40<03:12,  6.63s/it]
 56%|█████▋    | 36/64 [03:48<03:09,  6.77s/it]
 58%|█████▊    | 37/64 [03:54<03:04,  6.83s/it]
 59%|█████▉    | 38/64 [04:01<02:56,  6.79s/it]
 61%|██████    | 39/64 [04:07<02:43,  6.54s/it]
 62%|██████▎   | 40/64 [04:11<02:19,  5.80s/it]
 64%|██████▍   | 41/64 [04:16<02:09,  5.62s/it]
 66%|██████▌   | 42/64 [04:23<02:12,  6.01s/it]
 67%|██████▋   | 43/64 [04:27<01:52,  5.37s/it]
 69%|██████▉   | 44/64 [04:31<01:39,  5.00s/it]
 70%|███████   | 45/64 [04:36<01:35,  5.00s/it]
 72%|███████▏  | 46/64 [04:42<01:34,  5.27s/it]
 73%|███████▎  | 47/64 [04:47<01:28,  5.19s/it]
 75%|███████▌  | 48/64 [04:52<01:18,  4.93s/it]
 77%|███████▋  | 49/64 [04:57<01:18,  5.22s/it]
 78%|███████▊  | 50/64 [05:02<01:09,  4.98s/it]
 80%|███████▉  | 51/64 [05:08<01:08,  5.26s/it]
 81%|████████▏ | 52/64 [05:16<01:11,  5.99s/it]
 83%|████████▎ | 53/64 [05:22<01:07,  6.16s/it]
 84%|████████▍ | 54/64 [05:29<01:02,  6.26s/it]
 86%|████████▌ | 55/64 [05:34<00:53,  5.97s/it]
 88%|████████▊ | 56/64 [05:41<00:49,  6.18s/it]
 89%|████████▉ | 57/64 [05:46<00:41,  5.97s/it]
 91%|█████████ | 58/64 [05:52<00:35,  5.84s/it]
 92%|█████████▏| 59/64 [05:55<00:25,  5.10s/it]
 94%|█████████▍| 60/64 [06:01<00:22,  5.51s/it]
 95%|█████████▌| 61/64 [06:07<00:16,  5.49s/it]
 97%|█████████▋| 62/64 [06:12<00:10,  5.32s/it]
 98%|█████████▊| 63/64 [06:16<00:04,  4.94s/it]
100%|██████████| 64/64 [06:22<00:00,  5.42s/it]
100%|██████████| 64/64 [06:22<00:00,  5.98s/it]
X filter shape  (25001, 768)

  0%|          | 0/64 [00:00<?, ?it/s]
  2%|▏         | 1/64 [00:05<06:15,  5.97s/it]
  3%|▎         | 2/64 [00:12<06:36,  6.39s/it]
  5%|▍         | 3/64 [00:18<06:14,  6.14s/it]
  6%|▋         | 4/64 [00:22<05:22,  5.37s/it]
  8%|▊         | 5/64 [00:29<05:37,  5.72s/it]
  9%|▉         | 6/64 [00:35<05:40,  5.88s/it]
 11%|█         | 7/64 [00:42<05:59,  6.31s/it]
 12%|█▎        | 8/64 [00:47<05:28,  5.86s/it]
 14%|█▍        | 9/64 [00:53<05:30,  6.01s/it]
 16%|█▌        | 10/64 [00:58<05:01,  5.59s/it]
 17%|█▋        | 11/64 [01:04<05:00,  5.67s/it]
 19%|█▉        | 12/64 [01:12<05:36,  6.47s/it]
 20%|██        | 13/64 [01:20<05:47,  6.81s/it]
 22%|██▏       | 14/64 [01:25<05:19,  6.40s/it]
 23%|██▎       | 15/64 [01:31<05:13,  6.39s/it]
 25%|██▌       | 16/64 [01:38<05:04,  6.34s/it]
 27%|██▋       | 17/64 [01:44<04:54,  6.26s/it]
 28%|██▊       | 18/64 [01:50<04:42,  6.14s/it]
 30%|██▉       | 19/64 [01:55<04:30,  6.01s/it]
 31%|███▏      | 20/64 [02:02<04:34,  6.25s/it]
 33%|███▎      | 21/64 [02:08<04:26,  6.20s/it]
 34%|███▍      | 22/64 [02:17<04:50,  6.91s/it]
 36%|███▌      | 23/64 [02:23<04:36,  6.73s/it]
 38%|███▊      | 24/64 [02:28<04:10,  6.27s/it]
 39%|███▉      | 25/64 [02:34<03:54,  6.00s/it]
 41%|████      | 26/64 [02:39<03:43,  5.88s/it]
 42%|████▏     | 27/64 [02:44<03:28,  5.64s/it]
 44%|████▍     | 28/64 [02:48<03:04,  5.13s/it]
 45%|████▌     | 29/64 [02:55<03:12,  5.50s/it]
 47%|████▋     | 30/64 [03:01<03:17,  5.82s/it]
 48%|████▊     | 31/64 [03:07<03:10,  5.76s/it]
 50%|█████     | 32/64 [03:13<03:09,  5.92s/it]
 52%|█████▏    | 33/64 [03:20<03:15,  6.31s/it]
 53%|█████▎    | 34/64 [03:26<03:06,  6.21s/it]
 55%|█████▍    | 35/64 [03:30<02:42,  5.60s/it]
 56%|█████▋    | 36/64 [03:38<02:51,  6.12s/it]
 58%|█████▊    | 37/64 [03:46<02:58,  6.62s/it]
 59%|█████▉    | 38/64 [03:52<02:49,  6.50s/it]
 61%|██████    | 39/64 [03:58<02:37,  6.30s/it]
 62%|██████▎   | 40/64 [04:03<02:26,  6.09s/it]
 64%|██████▍   | 41/64 [04:07<02:05,  5.44s/it]
 66%|██████▌   | 42/64 [04:14<02:06,  5.75s/it]
 67%|██████▋   | 43/64 [04:21<02:10,  6.22s/it]
 69%|██████▉   | 44/64 [04:26<01:58,  5.90s/it]
 70%|███████   | 45/64 [04:34<02:02,  6.45s/it]
 72%|███████▏  | 46/64 [04:39<01:50,  6.14s/it]
 73%|███████▎  | 47/64 [04:46<01:49,  6.43s/it]
 75%|███████▌  | 48/64 [04:52<01:37,  6.09s/it]
 77%|███████▋  | 49/64 [04:58<01:32,  6.18s/it]
 78%|███████▊  | 50/64 [05:02<01:19,  5.66s/it]
 80%|███████▉  | 51/64 [05:10<01:20,  6.22s/it]
 81%|████████▏ | 52/64 [05:15<01:11,  5.99s/it]
 83%|████████▎ | 53/64 [05:22<01:08,  6.27s/it]
 84%|████████▍ | 54/64 [05:28<01:01,  6.14s/it]
 86%|████████▌ | 55/64 [05:34<00:54,  6.09s/it]
 88%|████████▊ | 56/64 [05:41<00:51,  6.42s/it]
 89%|████████▉ | 57/64 [05:47<00:42,  6.11s/it]
 91%|█████████ | 58/64 [05:53<00:36,  6.15s/it]
 92%|█████████▏| 59/64 [05:58<00:29,  5.91s/it]
 94%|█████████▍| 60/64 [06:05<00:25,  6.25s/it]
 95%|█████████▌| 61/64 [06:13<00:19,  6.64s/it]
 97%|█████████▋| 62/64 [06:19<00:13,  6.62s/it]
 98%|█████████▊| 63/64 [06:25<00:06,  6.25s/it]
100%|██████████| 64/64 [06:31<00:00,  6.22s/it]
100%|██████████| 64/64 [06:31<00:00,  6.12s/it]
X filter shape  (24501, 768)

  0%|          | 0/64 [00:00<?, ?it/s]
  2%|▏         | 1/64 [00:07<07:38,  7.28s/it]
  3%|▎         | 2/64 [00:14<07:15,  7.02s/it]
  5%|▍         | 3/64 [00:20<06:43,  6.61s/it]
  6%|▋         | 4/64 [00:26<06:25,  6.42s/it]
  8%|▊         | 5/64 [00:31<05:59,  6.09s/it]
  9%|▉         | 6/64 [00:41<06:57,  7.19s/it]
 11%|█         | 7/64 [00:47<06:27,  6.80s/it]
 12%|█▎        | 8/64 [00:53<06:13,  6.67s/it]
 14%|█▍        | 9/64 [01:01<06:30,  7.11s/it]
 16%|█▌        | 10/64 [01:09<06:37,  7.37s/it]
 17%|█▋        | 11/64 [01:16<06:29,  7.34s/it]
 19%|█▉        | 12/64 [01:23<06:02,  6.98s/it]
 20%|██        | 13/64 [01:26<05:05,  5.99s/it]
 22%|██▏       | 14/64 [01:30<04:31,  5.42s/it]
 23%|██▎       | 15/64 [01:36<04:35,  5.62s/it]
 25%|██▌       | 16/64 [01:42<04:33,  5.70s/it]
 27%|██▋       | 17/64 [01:48<04:29,  5.73s/it]
 28%|██▊       | 18/64 [01:52<03:53,  5.08s/it]
 30%|██▉       | 19/64 [01:56<03:39,  4.87s/it]
 31%|███▏      | 20/64 [02:03<04:06,  5.59s/it]
 33%|███▎      | 21/64 [02:07<03:35,  5.02s/it]
 34%|███▍      | 22/64 [02:13<03:46,  5.39s/it]
 36%|███▌      | 23/64 [02:19<03:40,  5.37s/it]
 38%|███▊      | 24/64 [02:25<03:45,  5.63s/it]
 39%|███▉      | 25/64 [02:31<03:43,  5.72s/it]
 41%|████      | 26/64 [02:38<03:49,  6.03s/it]
 42%|████▏     | 27/64 [02:42<03:27,  5.62s/it]
 44%|████▍     | 28/64 [02:48<03:24,  5.67s/it]
 45%|████▌     | 29/64 [02:54<03:20,  5.74s/it]
 47%|████▋     | 30/64 [02:59<03:08,  5.55s/it]
 48%|████▊     | 31/64 [03:04<03:01,  5.49s/it]
 50%|█████     | 32/64 [03:12<03:15,  6.11s/it]
 52%|█████▏    | 33/64 [03:19<03:18,  6.39s/it]
 53%|█████▎    | 34/64 [03:26<03:19,  6.65s/it]
 55%|█████▍    | 35/64 [03:30<02:50,  5.88s/it]
 56%|█████▋    | 36/64 [03:37<02:52,  6.15s/it]
 58%|█████▊    | 37/64 [03:43<02:47,  6.21s/it]
 59%|█████▉    | 38/64 [03:49<02:37,  6.06s/it]
 61%|██████    | 39/64 [03:55<02:31,  6.05s/it]
 62%|██████▎   | 40/64 [04:01<02:24,  6.03s/it]
 64%|██████▍   | 41/64 [04:06<02:11,  5.72s/it]
 66%|██████▌   | 42/64 [04:10<01:53,  5.14s/it]
 67%|██████▋   | 43/64 [04:14<01:38,  4.69s/it]
 69%|██████▉   | 44/64 [04:18<01:32,  4.63s/it]
 70%|███████   | 45/64 [04:24<01:35,  5.02s/it]
 72%|███████▏  | 46/64 [04:30<01:33,  5.20s/it]
 73%|███████▎  | 47/64 [04:35<01:28,  5.22s/it]
 75%|███████▌  | 48/64 [04:40<01:22,  5.17s/it]
 77%|███████▋  | 49/64 [04:45<01:16,  5.08s/it]
 78%|███████▊  | 50/64 [04:52<01:19,  5.69s/it]
 80%|███████▉  | 51/64 [04:59<01:18,  6.01s/it]
 81%|████████▏ | 52/64 [05:04<01:08,  5.68s/it]
 83%|████████▎ | 53/64 [05:09<01:02,  5.72s/it]
 84%|████████▍ | 54/64 [05:15<00:56,  5.69s/it]
 86%|████████▌ | 55/64 [05:20<00:49,  5.48s/it]
 88%|████████▊ | 56/64 [05:25<00:43,  5.38s/it]
 89%|████████▉ | 57/64 [05:31<00:37,  5.43s/it]
 91%|█████████ | 58/64 [05:36<00:32,  5.40s/it]
 92%|█████████▏| 59/64 [05:42<00:28,  5.63s/it]
 94%|█████████▍| 60/64 [05:48<00:23,  5.77s/it]
 95%|█████████▌| 61/64 [05:55<00:18,  6.11s/it]
 97%|█████████▋| 62/64 [06:00<00:11,  5.64s/it]
 98%|█████████▊| 63/64 [06:07<00:05,  5.99s/it]
100%|██████████| 64/64 [06:11<00:00,  5.48s/it]
100%|██████████| 64/64 [06:11<00:00,  5.80s/it]
X filter shape  (24001, 768)

  0%|          | 0/64 [00:00<?, ?it/s]
  2%|▏         | 1/64 [00:05<06:10,  5.88s/it]
  3%|▎         | 2/64 [00:11<06:08,  5.94s/it]
  5%|▍         | 3/64 [00:19<06:38,  6.54s/it]
  6%|▋         | 4/64 [00:25<06:33,  6.56s/it]
  8%|▊         | 5/64 [00:31<06:11,  6.29s/it]
  9%|▉         | 6/64 [00:39<06:41,  6.93s/it]
 11%|█         | 7/64 [00:44<05:54,  6.21s/it]
 12%|█▎        | 8/64 [00:50<05:43,  6.14s/it]
 14%|█▍        | 9/64 [00:56<05:44,  6.26s/it]
 16%|█▌        | 10/64 [01:02<05:33,  6.17s/it]
 17%|█▋        | 11/64 [01:09<05:26,  6.15s/it]
 19%|█▉        | 12/64 [01:14<05:03,  5.84s/it]
 20%|██        | 13/64 [01:18<04:40,  5.50s/it]
 22%|██▏       | 14/64 [01:22<04:09,  4.98s/it]
 23%|██▎       | 15/64 [01:29<04:35,  5.62s/it]
 25%|██▌       | 16/64 [01:33<04:03,  5.07s/it]
 27%|██▋       | 17/64 [01:38<04:00,  5.12s/it]
 28%|██▊       | 18/64 [01:43<03:46,  4.92s/it]
 30%|██▉       | 19/64 [01:49<03:53,  5.20s/it]
 31%|███▏      | 20/64 [01:54<03:45,  5.13s/it]
 33%|███▎      | 21/64 [01:59<03:39,  5.10s/it]
 34%|███▍      | 22/64 [02:04<03:36,  5.16s/it]
 36%|███▌      | 23/64 [02:10<03:47,  5.56s/it]
 38%|███▊      | 24/64 [02:15<03:27,  5.19s/it]
 39%|███▉      | 25/64 [02:21<03:34,  5.49s/it]
 41%|████      | 26/64 [02:26<03:29,  5.53s/it]
 42%|████▏     | 27/64 [02:33<03:32,  5.75s/it]
 44%|████▍     | 28/64 [02:40<03:38,  6.07s/it]
 45%|████▌     | 29/64 [02:46<03:32,  6.06s/it]
 47%|████▋     | 30/64 [02:53<03:35,  6.32s/it]
 48%|████▊     | 31/64 [02:56<03:04,  5.60s/it]
 50%|█████     | 32/64 [03:03<03:12,  6.01s/it]
 52%|█████▏    | 33/64 [03:08<02:52,  5.57s/it]
 53%|█████▎    | 34/64 [03:11<02:23,  4.80s/it]
 55%|█████▍    | 35/64 [03:17<02:27,  5.07s/it]
 56%|█████▋    | 36/64 [03:23<02:34,  5.52s/it]
 58%|█████▊    | 37/64 [03:28<02:22,  5.29s/it]
 59%|█████▉    | 38/64 [03:33<02:13,  5.13s/it]
 61%|██████    | 39/64 [03:38<02:06,  5.05s/it]
 62%|██████▎   | 40/64 [03:45<02:15,  5.63s/it]
 64%|██████▍   | 41/64 [03:51<02:13,  5.81s/it]
 66%|██████▌   | 42/64 [03:56<02:04,  5.66s/it]
 67%|██████▋   | 43/64 [04:04<02:10,  6.20s/it]
 69%|██████▉   | 44/64 [04:10<02:02,  6.12s/it]
 70%|███████   | 45/64 [04:15<01:52,  5.91s/it]
 72%|███████▏  | 46/64 [04:20<01:43,  5.73s/it]
 73%|███████▎  | 47/64 [04:26<01:38,  5.81s/it]
 75%|███████▌  | 48/64 [04:34<01:42,  6.38s/it]
 77%|███████▋  | 49/64 [04:40<01:34,  6.33s/it]
 78%|███████▊  | 50/64 [04:44<01:17,  5.54s/it]
 80%|███████▉  | 51/64 [04:49<01:12,  5.54s/it]
 81%|████████▏ | 52/64 [04:56<01:10,  5.87s/it]
 83%|████████▎ | 53/64 [05:05<01:15,  6.84s/it]
 84%|████████▍ | 54/64 [05:12<01:07,  6.73s/it]
 86%|████████▌ | 55/64 [05:18<00:58,  6.53s/it]
 88%|████████▊ | 56/64 [05:24<00:51,  6.44s/it]
 89%|████████▉ | 57/64 [05:28<00:40,  5.72s/it]
 91%|█████████ | 58/64 [05:36<00:38,  6.45s/it]
 92%|█████████▏| 59/64 [05:40<00:28,  5.71s/it]
 94%|█████████▍| 60/64 [05:46<00:22,  5.74s/it]
 95%|█████████▌| 61/64 [05:50<00:16,  5.36s/it]
 97%|█████████▋| 62/64 [05:56<00:10,  5.39s/it]
 98%|█████████▊| 63/64 [06:03<00:05,  5.79s/it]
100%|██████████| 64/64 [06:10<00:00,  6.39s/it]
100%|██████████| 64/64 [06:10<00:00,  5.79s/it]
X filter shape  (23501, 768)

  0%|          | 0/64 [00:00<?, ?it/s]
  2%|▏         | 1/64 [00:04<04:30,  4.29s/it]
  3%|▎         | 2/64 [00:10<05:43,  5.55s/it]
  5%|▍         | 3/64 [00:15<05:15,  5.17s/it]
  6%|▋         | 4/64 [00:21<05:26,  5.44s/it]
  8%|▊         | 5/64 [00:27<05:32,  5.64s/it]
  9%|▉         | 6/64 [00:33<05:46,  5.98s/it]
 11%|█         | 7/64 [00:41<06:12,  6.53s/it]
 12%|█▎        | 8/64 [00:48<06:14,  6.68s/it]
 14%|█▍        | 9/64 [00:53<05:32,  6.05s/it]
 16%|█▌        | 10/64 [00:59<05:24,  6.01s/it]
 17%|█▋        | 11/64 [01:03<04:50,  5.48s/it]
 19%|█▉        | 12/64 [01:10<05:02,  5.82s/it]
 20%|██        | 13/64 [01:17<05:21,  6.29s/it]
 22%|██▏       | 14/64 [01:24<05:32,  6.65s/it]
 23%|██▎       | 15/64 [01:28<04:37,  5.67s/it]
 25%|██▌       | 16/64 [01:35<04:48,  6.01s/it]
 27%|██▋       | 17/64 [01:40<04:37,  5.89s/it]
 28%|██▊       | 18/64 [01:44<04:03,  5.30s/it]
 30%|██▉       | 19/64 [01:51<04:17,  5.73s/it]
 31%|███▏      | 20/64 [01:58<04:29,  6.12s/it]
 33%|███▎      | 21/64 [02:05<04:37,  6.45s/it]
 34%|███▍      | 22/64 [02:11<04:18,  6.15s/it]
 36%|███▌      | 23/64 [02:16<04:08,  6.06s/it]
 38%|███▊      | 24/64 [02:22<03:58,  5.96s/it]
 39%|███▉      | 25/64 [02:29<04:03,  6.25s/it]
 41%|████      | 26/64 [02:34<03:45,  5.94s/it]
 42%|████▏     | 27/64 [02:42<04:03,  6.57s/it]
 44%|████▍     | 28/64 [02:48<03:48,  6.35s/it]
 45%|████▌     | 29/64 [02:55<03:44,  6.41s/it]
 47%|████▋     | 30/64 [03:00<03:29,  6.16s/it]
 48%|████▊     | 31/64 [03:08<03:33,  6.47s/it]
 50%|█████     | 32/64 [03:12<03:11,  5.99s/it]
 52%|█████▏    | 33/64 [03:17<02:57,  5.71s/it]
 53%|█████▎    | 34/64 [03:24<02:58,  5.96s/it]
 55%|█████▍    | 35/64 [03:31<03:01,  6.25s/it]
 56%|█████▋    | 36/64 [03:36<02:44,  5.88s/it]
 58%|█████▊    | 37/64 [03:43<02:45,  6.12s/it]
 59%|█████▉    | 38/64 [03:48<02:33,  5.92s/it]
 61%|██████    | 39/64 [03:55<02:35,  6.22s/it]
 62%|██████▎   | 40/64 [04:01<02:29,  6.22s/it]
 64%|██████▍   | 41/64 [04:08<02:26,  6.38s/it]
 66%|██████▌   | 42/64 [04:13<02:14,  6.12s/it]
 67%|██████▋   | 43/64 [04:21<02:17,  6.55s/it]
 69%|██████▉   | 44/64 [04:27<02:05,  6.30s/it]
 70%|███████   | 45/64 [04:33<01:57,  6.19s/it]
 72%|███████▏  | 46/64 [04:38<01:47,  5.97s/it]
 73%|███████▎  | 47/64 [04:44<01:42,  6.05s/it]
 75%|███████▌  | 48/64 [04:51<01:39,  6.25s/it]
 77%|███████▋  | 49/64 [04:59<01:40,  6.69s/it]
 78%|███████▊  | 50/64 [05:06<01:34,  6.77s/it]
 80%|███████▉  | 51/64 [05:12<01:26,  6.68s/it]
 81%|████████▏ | 52/64 [05:15<01:07,  5.60s/it]
 83%|████████▎ | 53/64 [05:19<00:56,  5.17s/it]
 84%|████████▍ | 54/64 [05:24<00:49,  5.00s/it]
 86%|████████▌ | 55/64 [05:31<00:51,  5.68s/it]
 88%|████████▊ | 56/64 [05:36<00:43,  5.39s/it]
 89%|████████▉ | 57/64 [05:43<00:41,  5.98s/it]
 91%|█████████ | 58/64 [05:50<00:37,  6.27s/it]
 92%|█████████▏| 59/64 [05:56<00:31,  6.23s/it]
 94%|█████████▍| 60/64 [06:03<00:24,  6.19s/it]
 95%|█████████▌| 61/64 [06:07<00:17,  5.74s/it]
 97%|█████████▋| 62/64 [06:13<00:11,  5.65s/it]
 98%|█████████▊| 63/64 [06:18<00:05,  5.65s/it]
100%|██████████| 64/64 [06:26<00:00,  6.16s/it]
100%|██████████| 64/64 [06:26<00:00,  6.03s/it]
X filter shape  (23001, 768)

  0%|          | 0/64 [00:00<?, ?it/s]
  2%|▏         | 1/64 [00:07<07:49,  7.46s/it]
  3%|▎         | 2/64 [00:15<08:14,  7.98s/it]
  5%|▍         | 3/64 [00:21<07:15,  7.14s/it]
  6%|▋         | 4/64 [00:29<07:10,  7.18s/it]
  8%|▊         | 5/64 [00:34<06:24,  6.51s/it]
  9%|▉         | 6/64 [00:41<06:26,  6.66s/it]
 11%|█         | 7/64 [00:47<06:11,  6.51s/it]
 12%|█▎        | 8/64 [00:54<06:05,  6.52s/it]
 14%|█▍        | 9/64 [00:58<05:21,  5.85s/it]
 16%|█▌        | 10/64 [01:02<04:51,  5.39s/it]
 17%|█▋        | 11/64 [01:09<04:56,  5.60s/it]
 19%|█▉        | 12/64 [01:15<05:00,  5.79s/it]
 20%|██        | 13/64 [01:21<05:00,  5.89s/it]
 22%|██▏       | 14/64 [01:27<04:58,  5.97s/it]
 23%|██▎       | 15/64 [01:33<04:47,  5.88s/it]
 25%|██▌       | 16/64 [01:39<04:54,  6.13s/it]
 27%|██▋       | 17/64 [01:44<04:27,  5.70s/it]
 28%|██▊       | 18/64 [01:49<04:11,  5.48s/it]
 30%|██▉       | 19/64 [01:56<04:21,  5.81s/it]
 31%|███▏      | 20/64 [02:00<03:57,  5.41s/it]
 33%|███▎      | 21/64 [02:05<03:47,  5.29s/it]
 34%|███▍      | 22/64 [02:12<04:01,  5.74s/it]
 36%|███▌      | 23/64 [02:16<03:36,  5.27s/it]
 38%|███▊      | 24/64 [02:21<03:30,  5.25s/it]
 39%|███▉      | 25/64 [02:29<03:55,  6.04s/it]
 41%|████      | 26/64 [02:36<03:57,  6.25s/it]
 42%|████▏     | 27/64 [02:43<03:57,  6.41s/it]
 44%|████▍     | 28/64 [02:49<03:51,  6.42s/it]
 45%|████▌     | 29/64 [02:55<03:39,  6.28s/it]
 47%|████▋     | 30/64 [03:01<03:33,  6.29s/it]
 48%|████▊     | 31/64 [03:08<03:29,  6.34s/it]
 50%|█████     | 32/64 [03:13<03:14,  6.07s/it]
 52%|█████▏    | 33/64 [03:18<02:50,  5.52s/it]
 53%|█████▎    | 34/64 [03:24<02:55,  5.85s/it]
 55%|█████▍    | 35/64 [03:28<02:35,  5.37s/it]
 56%|█████▋    | 36/64 [03:34<02:29,  5.35s/it]
 58%|█████▊    | 37/64 [03:39<02:20,  5.22s/it]
 59%|█████▉    | 38/64 [03:47<02:44,  6.31s/it]
 61%|██████    | 39/64 [03:51<02:17,  5.50s/it]
 62%|██████▎   | 40/64 [03:58<02:18,  5.77s/it]
 64%|██████▍   | 41/64 [04:03<02:11,  5.71s/it]
 66%|██████▌   | 42/64 [04:08<02:01,  5.53s/it]
 67%|██████▋   | 43/64 [04:15<02:07,  6.05s/it]
 69%|██████▉   | 44/64 [04:21<02:00,  6.05s/it]
 70%|███████   | 45/64 [04:27<01:51,  5.84s/it]
 72%|███████▏  | 46/64 [04:34<01:52,  6.23s/it]
 73%|███████▎  | 47/64 [04:41<01:51,  6.54s/it]
 75%|███████▌  | 48/64 [04:49<01:50,  6.90s/it]
 77%|███████▋  | 49/64 [04:56<01:42,  6.85s/it]
 78%|███████▊  | 50/64 [05:00<01:23,  6.00s/it]
 80%|███████▉  | 51/64 [05:05<01:16,  5.88s/it]
 81%|████████▏ | 52/64 [05:13<01:16,  6.42s/it]
 83%|████████▎ | 53/64 [05:18<01:04,  5.90s/it]
 84%|████████▍ | 54/64 [05:23<00:57,  5.71s/it]
 86%|████████▌ | 55/64 [05:28<00:49,  5.51s/it]
 88%|████████▊ | 56/64 [05:35<00:48,  6.05s/it]
 89%|████████▉ | 57/64 [05:40<00:38,  5.51s/it]
 91%|█████████ | 58/64 [05:47<00:35,  5.95s/it]
 92%|█████████▏| 59/64 [05:55<00:32,  6.55s/it]
 94%|█████████▍| 60/64 [06:01<00:26,  6.64s/it]
 95%|█████████▌| 61/64 [06:07<00:18,  6.30s/it]
 97%|█████████▋| 62/64 [06:12<00:11,  6.00s/it]
 98%|█████████▊| 63/64 [06:17<00:05,  5.78s/it]
100%|██████████| 64/64 [06:24<00:00,  5.93s/it]
100%|██████████| 64/64 [06:24<00:00,  6.00s/it]
X filter shape  (22501, 768)

  0%|          | 0/64 [00:00<?, ?it/s]
  2%|▏         | 1/64 [00:05<05:55,  5.64s/it]
  3%|▎         | 2/64 [00:11<05:55,  5.74s/it]
  5%|▍         | 3/64 [00:18<06:18,  6.20s/it]
  6%|▋         | 4/64 [00:23<05:45,  5.75s/it]
  8%|▊         | 5/64 [00:29<05:55,  6.03s/it]
  9%|▉         | 6/64 [00:37<06:17,  6.50s/it]
 11%|█         | 7/64 [00:45<06:44,  7.09s/it]
 12%|█▎        | 8/64 [00:52<06:39,  7.14s/it]
 14%|█▍        | 9/64 [00:57<05:59,  6.53s/it]
 16%|█▌        | 10/64 [01:04<05:53,  6.55s/it]
 17%|█▋        | 11/64 [01:09<05:18,  6.01s/it]
 19%|█▉        | 12/64 [01:15<05:16,  6.08s/it]
 20%|██        | 13/64 [01:20<04:49,  5.69s/it]
 22%|██▏       | 14/64 [01:27<05:01,  6.03s/it]
 23%|██▎       | 15/64 [01:34<05:21,  6.56s/it]
 25%|██▌       | 16/64 [01:42<05:34,  6.96s/it]
 27%|██▋       | 17/64 [01:48<05:03,  6.47s/it]
 28%|██▊       | 18/64 [01:52<04:27,  5.81s/it]
 30%|██▉       | 19/64 [01:58<04:23,  5.86s/it]
 31%|███▏      | 20/64 [02:03<04:12,  5.74s/it]
 33%|███▎      | 21/64 [02:08<03:56,  5.51s/it]
 34%|███▍      | 22/64 [02:15<04:08,  5.92s/it]
 36%|███▌      | 23/64 [02:21<03:58,  5.82s/it]
 38%|███▊      | 24/64 [02:27<03:52,  5.81s/it]
 39%|███▉      | 25/64 [02:34<03:59,  6.15s/it]
 41%|████      | 26/64 [02:39<03:44,  5.92s/it]
 42%|████▏     | 27/64 [02:44<03:31,  5.71s/it]
 44%|████▍     | 28/64 [02:48<03:09,  5.28s/it]
 45%|████▌     | 29/64 [02:57<03:35,  6.14s/it]
 47%|████▋     | 30/64 [02:59<02:51,  5.04s/it]
 48%|████▊     | 31/64 [03:04<02:47,  5.08s/it]
 50%|█████     | 32/64 [03:12<03:08,  5.89s/it]
 52%|█████▏    | 33/64 [03:18<03:06,  6.02s/it]
 53%|█████▎    | 34/64 [03:25<03:06,  6.22s/it]
 55%|█████▍    | 35/64 [03:30<02:45,  5.72s/it]
 56%|█████▋    | 36/64 [03:34<02:30,  5.38s/it]
 58%|█████▊    | 37/64 [03:40<02:30,  5.57s/it]
 59%|█████▉    | 38/64 [03:45<02:15,  5.23s/it]
 61%|██████    | 39/64 [03:48<01:59,  4.80s/it]
 62%|██████▎   | 40/64 [03:52<01:48,  4.52s/it]
 64%|██████▍   | 41/64 [03:57<01:45,  4.61s/it]
 66%|██████▌   | 42/64 [04:02<01:46,  4.84s/it]
 67%|██████▋   | 43/64 [04:07<01:42,  4.86s/it]
 69%|██████▉   | 44/64 [04:15<01:51,  5.56s/it]
 70%|███████   | 45/64 [04:20<01:45,  5.54s/it]
 72%|███████▏  | 46/64 [04:25<01:35,  5.30s/it]
 73%|███████▎  | 47/64 [04:30<01:29,  5.25s/it]
 75%|███████▌  | 48/64 [04:35<01:22,  5.18s/it]
 77%|███████▋  | 49/64 [04:41<01:22,  5.50s/it]
 78%|███████▊  | 50/64 [04:46<01:14,  5.30s/it]
 80%|███████▉  | 51/64 [04:53<01:16,  5.87s/it]
 81%|████████▏ | 52/64 [04:58<01:04,  5.40s/it]
 83%|████████▎ | 53/64 [05:03<00:58,  5.28s/it]
 84%|████████▍ | 54/64 [05:11<01:01,  6.11s/it]
 86%|████████▌ | 55/64 [05:17<00:55,  6.21s/it]
 88%|████████▊ | 56/64 [05:23<00:50,  6.26s/it]
 89%|████████▉ | 57/64 [05:31<00:45,  6.53s/it]
 91%|█████████ | 58/64 [05:39<00:41,  6.97s/it]
 92%|█████████▏| 59/64 [05:44<00:33,  6.65s/it]
 94%|█████████▍| 60/64 [05:52<00:27,  6.88s/it]
 95%|█████████▌| 61/64 [05:56<00:18,  6.05s/it]
 97%|█████████▋| 62/64 [06:02<00:12,  6.04s/it]
 98%|█████████▊| 63/64 [06:07<00:05,  5.76s/it]
100%|██████████| 64/64 [06:13<00:00,  5.90s/it]
100%|██████████| 64/64 [06:13<00:00,  5.84s/it]
X filter shape  (22001, 768)

  0%|          | 0/64 [00:00<?, ?it/s]
  2%|▏         | 1/64 [00:04<04:53,  4.66s/it]
  3%|▎         | 2/64 [00:13<07:17,  7.06s/it]
  5%|▍         | 3/64 [00:19<06:50,  6.73s/it]
  6%|▋         | 4/64 [00:28<07:32,  7.54s/it]
  8%|▊         | 5/64 [00:33<06:36,  6.73s/it]
  9%|▉         | 6/64 [00:40<06:27,  6.67s/it]
 11%|█         | 7/64 [00:46<06:05,  6.42s/it]
 12%|█▎        | 8/64 [00:53<06:06,  6.55s/it]
 14%|█▍        | 9/64 [01:00<06:06,  6.67s/it]
 16%|█▌        | 10/64 [01:04<05:18,  5.89s/it]
 17%|█▋        | 11/64 [01:10<05:27,  6.18s/it]
 19%|█▉        | 12/64 [01:17<05:32,  6.39s/it]
 20%|██        | 13/64 [01:22<05:03,  5.94s/it]
 22%|██▏       | 14/64 [01:28<04:50,  5.81s/it]
 23%|██▎       | 15/64 [01:33<04:42,  5.77s/it]
 25%|██▌       | 16/64 [01:40<04:44,  5.93s/it]
 27%|██▋       | 17/64 [01:44<04:16,  5.46s/it]
 28%|██▊       | 18/64 [01:50<04:15,  5.55s/it]
 30%|██▉       | 19/64 [01:55<03:59,  5.33s/it]
 31%|███▏      | 20/64 [02:02<04:25,  6.03s/it]
 33%|███▎      | 21/64 [02:10<04:42,  6.57s/it]
 34%|███▍      | 22/64 [02:15<04:18,  6.15s/it]
 36%|███▌      | 23/64 [02:20<03:48,  5.56s/it]
 38%|███▊      | 24/64 [02:26<03:49,  5.74s/it]
 39%|███▉      | 25/64 [02:30<03:23,  5.22s/it]
 41%|████      | 26/64 [02:35<03:17,  5.20s/it]
 42%|████▏     | 27/64 [02:41<03:18,  5.36s/it]
 44%|████▍     | 28/64 [02:48<03:33,  5.93s/it]
 45%|████▌     | 29/64 [02:53<03:18,  5.67s/it]
 47%|████▋     | 30/64 [03:00<03:28,  6.13s/it]
 48%|████▊     | 31/64 [03:06<03:16,  5.95s/it]
 50%|█████     | 32/64 [03:13<03:25,  6.41s/it]
 52%|█████▏    | 33/64 [03:16<02:48,  5.45s/it]
 53%|█████▎    | 34/64 [03:23<02:49,  5.66s/it]
 55%|█████▍    | 35/64 [03:29<02:52,  5.95s/it]
 56%|█████▋    | 36/64 [03:36<02:55,  6.25s/it]
 58%|█████▊    | 37/64 [03:42<02:47,  6.19s/it]
 59%|█████▉    | 38/64 [03:51<03:05,  7.12s/it]
 61%|██████    | 39/64 [03:57<02:47,  6.72s/it]
 62%|██████▎   | 40/64 [04:03<02:33,  6.41s/it]
 64%|██████▍   | 41/64 [04:12<02:43,  7.10s/it]
 66%|██████▌   | 42/64 [04:20<02:41,  7.34s/it]
 67%|██████▋   | 43/64 [04:24<02:16,  6.48s/it]
 69%|██████▉   | 44/64 [04:30<02:06,  6.31s/it]
 70%|███████   | 45/64 [04:37<02:02,  6.46s/it]
 72%|███████▏  | 46/64 [04:45<02:05,  6.99s/it]
 73%|███████▎  | 47/64 [04:53<02:03,  7.24s/it]
 75%|███████▌  | 48/64 [05:00<01:56,  7.26s/it]
 77%|███████▋  | 49/64 [05:09<01:54,  7.61s/it]
 78%|███████▊  | 50/64 [05:15<01:39,  7.13s/it]
 80%|███████▉  | 51/64 [05:22<01:33,  7.20s/it]
 81%|████████▏ | 52/64 [05:26<01:16,  6.38s/it]
 83%|████████▎ | 53/64 [05:32<01:07,  6.10s/it]
 84%|████████▍ | 54/64 [05:39<01:03,  6.38s/it]
 86%|████████▌ | 55/64 [05:46<00:58,  6.48s/it]
 88%|████████▊ | 56/64 [05:53<00:54,  6.75s/it]
 89%|████████▉ | 57/64 [05:59<00:45,  6.48s/it]
 91%|█████████ | 58/64 [06:05<00:39,  6.53s/it]
 92%|█████████▏| 59/64 [06:14<00:35,  7.09s/it]
 94%|█████████▍| 60/64 [06:20<00:27,  6.88s/it]
 95%|█████████▌| 61/64 [06:24<00:17,  5.89s/it]
 97%|█████████▋| 62/64 [06:27<00:10,  5.13s/it]
 98%|█████████▊| 63/64 [06:31<00:04,  4.87s/it]
100%|██████████| 64/64 [06:37<00:00,  5.17s/it]
100%|██████████| 64/64 [06:37<00:00,  6.22s/it]
X filter shape  (21501, 768)

  0%|          | 0/64 [00:00<?, ?it/s]
  2%|▏         | 1/64 [00:04<04:29,  4.28s/it]
  3%|▎         | 2/64 [00:09<05:10,  5.01s/it]
  5%|▍         | 3/64 [00:15<05:13,  5.14s/it]
  6%|▋         | 4/64 [00:19<04:48,  4.81s/it]
  8%|▊         | 5/64 [00:23<04:26,  4.52s/it]
  9%|▉         | 6/64 [00:28<04:31,  4.69s/it]
 11%|█         | 7/64 [00:32<04:21,  4.58s/it]
 12%|█▎        | 8/64 [00:38<04:38,  4.97s/it]
 14%|█▍        | 9/64 [00:43<04:36,  5.02s/it]
 16%|█▌        | 10/64 [00:49<04:49,  5.36s/it]
 17%|█▋        | 11/64 [00:53<04:19,  4.90s/it]
 19%|█▉        | 12/64 [00:58<04:06,  4.75s/it]
 20%|██        | 13/64 [01:02<03:51,  4.54s/it]
 22%|██▏       | 14/64 [01:09<04:25,  5.31s/it]
 23%|██▎       | 15/64 [01:14<04:12,  5.15s/it]
 25%|██▌       | 16/64 [01:18<04:02,  5.06s/it]
 27%|██▋       | 17/64 [01:23<03:47,  4.84s/it]
 28%|██▊       | 18/64 [01:28<03:49,  4.99s/it]
 30%|██▉       | 19/64 [01:34<04:02,  5.38s/it]
 31%|███▏      | 20/64 [01:41<04:12,  5.73s/it]
 33%|███▎      | 21/64 [01:46<04:03,  5.66s/it]
 34%|███▍      | 22/64 [01:53<04:09,  5.95s/it]
 36%|███▌      | 23/64 [01:56<03:22,  4.94s/it]
 38%|███▊      | 24/64 [02:00<03:09,  4.73s/it]
 39%|███▉      | 25/64 [02:04<03:03,  4.71s/it]
 41%|████      | 26/64 [02:09<03:01,  4.78s/it]
 42%|████▏     | 27/64 [02:15<03:06,  5.04s/it]
 44%|████▍     | 28/64 [02:21<03:13,  5.37s/it]
 45%|████▌     | 29/64 [02:28<03:25,  5.87s/it]
 47%|████▋     | 30/64 [02:32<02:59,  5.27s/it]
 48%|████▊     | 31/64 [02:37<02:54,  5.29s/it]
 50%|█████     | 32/64 [02:45<03:07,  5.85s/it]
 52%|█████▏    | 33/64 [02:51<03:04,  5.94s/it]
 53%|█████▎    | 34/64 [02:59<03:15,  6.51s/it]
 55%|█████▍    | 35/64 [03:06<03:15,  6.73s/it]
 56%|█████▋    | 36/64 [03:12<03:02,  6.53s/it]
 58%|█████▊    | 37/64 [03:18<02:50,  6.30s/it]
 59%|█████▉    | 38/64 [03:24<02:40,  6.19s/it]
 61%|██████    | 39/64 [03:29<02:27,  5.88s/it]
 62%|██████▎   | 40/64 [03:32<02:01,  5.08s/it]
 64%|██████▍   | 41/64 [03:38<02:04,  5.43s/it]
 66%|██████▌   | 42/64 [03:45<02:05,  5.71s/it]
 67%|██████▋   | 43/64 [03:50<01:57,  5.58s/it]
 69%|██████▉   | 44/64 [03:56<01:55,  5.79s/it]
 70%|███████   | 45/64 [04:01<01:44,  5.48s/it]
 72%|███████▏  | 46/64 [04:05<01:32,  5.15s/it]
 73%|███████▎  | 47/64 [04:13<01:38,  5.79s/it]
 75%|███████▌  | 48/64 [04:19<01:35,  5.96s/it]
 77%|███████▋  | 49/64 [04:23<01:21,  5.42s/it]
 78%|███████▊  | 50/64 [04:28<01:12,  5.21s/it]
 80%|███████▉  | 51/64 [04:35<01:14,  5.76s/it]
 81%|████████▏ | 52/64 [04:43<01:16,  6.38s/it]
 83%|████████▎ | 53/64 [04:46<01:01,  5.58s/it]
 84%|████████▍ | 54/64 [04:53<00:59,  5.92s/it]
 86%|████████▌ | 55/64 [04:58<00:50,  5.65s/it]
 88%|████████▊ | 56/64 [05:03<00:44,  5.54s/it]
 89%|████████▉ | 57/64 [05:11<00:43,  6.24s/it]
 91%|█████████ | 58/64 [05:16<00:35,  5.85s/it]
 92%|█████████▏| 59/64 [05:23<00:29,  5.99s/it]
 94%|█████████▍| 60/64 [05:27<00:22,  5.68s/it]
 95%|█████████▌| 61/64 [05:34<00:18,  6.05s/it]
 97%|█████████▋| 62/64 [05:40<00:11,  5.94s/it]
 98%|█████████▊| 63/64 [05:44<00:05,  5.42s/it]
100%|██████████| 64/64 [05:49<00:00,  5.30s/it]
100%|██████████| 64/64 [05:49<00:00,  5.47s/it]
X filter shape  (21001, 768)

  0%|          | 0/64 [00:00<?, ?it/s]
  2%|▏         | 1/64 [00:03<04:08,  3.95s/it]
  3%|▎         | 2/64 [00:07<03:41,  3.57s/it]
  5%|▍         | 3/64 [00:09<03:12,  3.16s/it]
  6%|▋         | 4/64 [00:12<03:06,  3.11s/it]
  8%|▊         | 5/64 [00:15<02:50,  2.90s/it]
  9%|▉         | 6/64 [00:18<02:57,  3.07s/it]
 11%|█         | 7/64 [00:21<02:45,  2.91s/it]
 12%|█▎        | 8/64 [00:25<02:54,  3.11s/it]
 14%|█▍        | 9/64 [00:27<02:46,  3.04s/it]
 16%|█▌        | 10/64 [00:31<02:54,  3.24s/it]
 17%|█▋        | 11/64 [00:34<02:48,  3.18s/it]
 19%|█▉        | 12/64 [00:36<02:31,  2.92s/it]
 20%|██        | 13/64 [00:40<02:33,  3.01s/it]
 22%|██▏       | 14/64 [00:43<02:35,  3.12s/it]
 23%|██▎       | 15/64 [00:47<02:39,  3.25s/it]
 25%|██▌       | 16/64 [00:51<02:49,  3.52s/it]
 27%|██▋       | 17/64 [00:55<02:49,  3.61s/it]
 28%|██▊       | 18/64 [00:59<03:02,  3.96s/it]
 30%|██▉       | 19/64 [01:03<02:47,  3.73s/it]
 31%|███▏      | 20/64 [01:06<02:43,  3.71s/it]
 33%|███▎      | 21/64 [01:10<02:40,  3.73s/it]
 34%|███▍      | 22/64 [01:14<02:38,  3.78s/it]
 36%|███▌      | 23/64 [01:17<02:25,  3.55s/it]
 38%|███▊      | 24/64 [01:19<02:07,  3.18s/it]
 39%|███▉      | 25/64 [01:22<02:05,  3.22s/it]
 41%|████      | 26/64 [01:27<02:14,  3.54s/it]
 42%|████▏     | 27/64 [01:29<02:01,  3.28s/it]
 44%|████▍     | 28/64 [01:35<02:21,  3.94s/it]
 45%|████▌     | 29/64 [01:41<02:36,  4.48s/it]
 47%|████▋     | 30/64 [01:46<02:41,  4.76s/it]
 48%|████▊     | 31/64 [01:52<02:43,  4.97s/it]
 50%|█████     | 32/64 [01:57<02:40,  5.01s/it]
 52%|█████▏    | 33/64 [02:02<02:39,  5.14s/it]
 53%|█████▎    | 34/64 [02:08<02:39,  5.31s/it]
 55%|█████▍    | 35/64 [02:12<02:26,  5.06s/it]
 56%|█████▋    | 36/64 [02:16<02:13,  4.77s/it]
 58%|█████▊    | 37/64 [02:22<02:16,  5.04s/it]
 59%|█████▉    | 38/64 [02:27<02:14,  5.15s/it]
 61%|██████    | 39/64 [02:32<02:06,  5.04s/it]
 62%|██████▎   | 40/64 [02:37<02:00,  5.02s/it]
 64%|██████▍   | 41/64 [02:42<01:54,  4.96s/it]
 66%|██████▌   | 42/64 [02:47<01:51,  5.06s/it]
 67%|██████▋   | 43/64 [02:51<01:35,  4.56s/it]
 69%|██████▉   | 44/64 [02:56<01:35,  4.80s/it]
 70%|███████   | 45/64 [03:01<01:34,  4.97s/it]
 72%|███████▏  | 46/64 [03:06<01:27,  4.89s/it]
 73%|███████▎  | 47/64 [03:13<01:31,  5.40s/it]
 75%|███████▌  | 48/64 [03:18<01:23,  5.22s/it]
 77%|███████▋  | 49/64 [03:23<01:19,  5.29s/it]
 78%|███████▊  | 50/64 [03:27<01:06,  4.78s/it]
 80%|███████▉  | 51/64 [03:31<01:02,  4.81s/it]
 81%|████████▏ | 52/64 [03:36<00:56,  4.70s/it]
 83%|████████▎ | 53/64 [03:41<00:51,  4.69s/it]
 84%|████████▍ | 54/64 [03:44<00:44,  4.46s/it]
 86%|████████▌ | 55/64 [03:51<00:45,  5.06s/it]
 88%|████████▊ | 56/64 [03:56<00:40,  5.02s/it]
 89%|████████▉ | 57/64 [04:01<00:35,  5.06s/it]
 91%|█████████ | 58/64 [04:05<00:28,  4.76s/it]
 92%|█████████▏| 59/64 [04:09<00:22,  4.48s/it]
 94%|█████████▍| 60/64 [04:15<00:19,  4.87s/it]
 95%|█████████▌| 61/64 [04:19<00:13,  4.55s/it]
 97%|█████████▋| 62/64 [04:24<00:09,  4.74s/it]
 98%|█████████▊| 63/64 [04:29<00:04,  4.88s/it]
100%|██████████| 64/64 [04:32<00:00,  4.42s/it]
100%|██████████| 64/64 [04:32<00:00,  4.26s/it]
X filter shape  (20501, 768)

  0%|          | 0/64 [00:00<?, ?it/s]
  2%|▏         | 1/64 [00:03<03:44,  3.56s/it]
  3%|▎         | 2/64 [00:09<05:00,  4.85s/it]
  5%|▍         | 3/64 [00:12<04:12,  4.15s/it]
  6%|▋         | 4/64 [00:16<03:58,  3.98s/it]
  8%|▊         | 5/64 [00:19<03:44,  3.81s/it]
  9%|▉         | 6/64 [00:23<03:41,  3.81s/it]
 11%|█         | 7/64 [00:28<03:47,  3.99s/it]
 12%|█▎        | 8/64 [00:32<03:54,  4.19s/it]
 14%|█▍        | 9/64 [00:37<03:54,  4.27s/it]
 16%|█▌        | 10/64 [00:40<03:29,  3.88s/it]
 17%|█▋        | 11/64 [00:44<03:40,  4.16s/it]
 19%|█▉        | 12/64 [00:48<03:32,  4.08s/it]
 20%|██        | 13/64 [00:53<03:35,  4.22s/it]
 22%|██▏       | 14/64 [00:57<03:32,  4.24s/it]
 23%|██▎       | 15/64 [01:00<03:13,  3.95s/it]
 25%|██▌       | 16/64 [01:03<02:51,  3.58s/it]
 27%|██▋       | 17/64 [01:06<02:45,  3.51s/it]
 28%|██▊       | 18/64 [01:10<02:45,  3.61s/it]
 30%|██▉       | 19/64 [01:15<03:02,  4.05s/it]
 31%|███▏      | 20/64 [01:22<03:37,  4.93s/it]
 33%|███▎      | 21/64 [01:25<03:07,  4.36s/it]
 34%|███▍      | 22/64 [01:29<02:54,  4.15s/it]
 36%|███▌      | 23/64 [01:34<02:53,  4.24s/it]
 38%|███▊      | 24/64 [01:36<02:33,  3.85s/it]
 39%|███▉      | 25/64 [01:41<02:38,  4.08s/it]
 41%|████      | 26/64 [01:46<02:43,  4.31s/it]
 42%|████▏     | 27/64 [01:50<02:36,  4.23s/it]
 44%|████▍     | 28/64 [01:54<02:26,  4.06s/it]
 45%|████▌     | 29/64 [01:57<02:18,  3.95s/it]
 47%|████▋     | 30/64 [02:04<02:37,  4.63s/it]
 48%|████▊     | 31/64 [02:09<02:39,  4.83s/it]
 50%|█████     | 32/64 [02:12<02:19,  4.36s/it]
 52%|█████▏    | 33/64 [02:21<02:57,  5.74s/it]
 53%|█████▎    | 34/64 [02:24<02:30,  5.03s/it]
 55%|█████▍    | 35/64 [02:29<02:18,  4.78s/it]
 56%|█████▋    | 36/64 [02:34<02:21,  5.07s/it]
 58%|█████▊    | 37/64 [02:40<02:18,  5.15s/it]
 59%|█████▉    | 38/64 [02:43<02:01,  4.67s/it]
 61%|██████    | 39/64 [02:49<02:03,  4.93s/it]
 62%|██████▎   | 40/64 [02:56<02:11,  5.49s/it]
 64%|██████▍   | 41/64 [02:58<01:45,  4.60s/it]
 66%|██████▌   | 42/64 [03:02<01:36,  4.38s/it]
 67%|██████▋   | 43/64 [03:07<01:39,  4.72s/it]
 69%|██████▉   | 44/64 [03:11<01:30,  4.50s/it]
 70%|███████   | 45/64 [03:15<01:20,  4.22s/it]
 72%|███████▏  | 46/64 [03:21<01:26,  4.80s/it]
 73%|███████▎  | 47/64 [03:27<01:28,  5.23s/it]
 75%|███████▌  | 48/64 [03:31<01:15,  4.74s/it]
 77%|███████▋  | 49/64 [03:35<01:06,  4.46s/it]
 78%|███████▊  | 50/64 [03:39<01:02,  4.47s/it]
 80%|███████▉  | 51/64 [03:44<00:57,  4.41s/it]
 81%|████████▏ | 52/64 [03:49<00:55,  4.63s/it]
 83%|████████▎ | 53/64 [03:53<00:51,  4.67s/it]
 84%|████████▍ | 54/64 [04:02<00:58,  5.82s/it]
 86%|████████▌ | 55/64 [04:05<00:44,  4.93s/it]
 88%|████████▊ | 56/64 [04:09<00:37,  4.69s/it]
 89%|████████▉ | 57/64 [04:14<00:33,  4.74s/it]
 91%|█████████ | 58/64 [04:18<00:27,  4.52s/it]
 92%|█████████▏| 59/64 [04:24<00:24,  4.88s/it]
 94%|█████████▍| 60/64 [04:27<00:18,  4.58s/it]
 95%|█████████▌| 61/64 [04:30<00:12,  4.11s/it]
 97%|█████████▋| 62/64 [04:34<00:08,  4.08s/it]
 98%|█████████▊| 63/64 [04:40<00:04,  4.60s/it]
100%|██████████| 64/64 [04:44<00:00,  4.38s/it]
100%|██████████| 64/64 [04:44<00:00,  4.45s/it]
X filter shape  (20001, 768)

  0%|          | 0/64 [00:00<?, ?it/s]
  2%|▏         | 1/64 [00:05<05:55,  5.64s/it]
  3%|▎         | 2/64 [00:08<04:24,  4.27s/it]
  5%|▍         | 3/64 [00:11<03:38,  3.58s/it]
  6%|▋         | 4/64 [00:17<04:26,  4.43s/it]
  8%|▊         | 5/64 [00:20<03:54,  3.97s/it]
  9%|▉         | 6/64 [00:24<03:57,  4.10s/it]
 11%|█         | 7/64 [00:29<03:57,  4.16s/it]
 12%|█▎        | 8/64 [00:33<04:01,  4.32s/it]
 14%|█▍        | 9/64 [00:37<03:49,  4.17s/it]
 16%|█▌        | 10/64 [00:42<03:47,  4.21s/it]
 17%|█▋        | 11/64 [00:45<03:30,  3.97s/it]
 19%|█▉        | 12/64 [00:49<03:29,  4.03s/it]
 20%|██        | 13/64 [00:53<03:29,  4.10s/it]
 22%|██▏       | 14/64 [00:58<03:28,  4.16s/it]
 23%|██▎       | 15/64 [01:02<03:20,  4.10s/it]
 25%|██▌       | 16/64 [01:05<03:12,  4.01s/it]
 27%|██▋       | 17/64 [01:10<03:17,  4.21s/it]
 28%|██▊       | 18/64 [01:13<02:54,  3.80s/it]
 30%|██▉       | 19/64 [01:17<02:58,  3.98s/it]
 31%|███▏      | 20/64 [01:22<02:59,  4.07s/it]
 33%|███▎      | 21/64 [01:25<02:46,  3.87s/it]
 34%|███▍      | 22/64 [01:29<02:46,  3.96s/it]
 36%|███▌      | 23/64 [01:33<02:40,  3.90s/it]
 38%|███▊      | 24/64 [01:36<02:25,  3.65s/it]
 39%|███▉      | 25/64 [01:42<02:45,  4.23s/it]
 41%|████      | 26/64 [01:46<02:37,  4.15s/it]
 42%|████▏     | 27/64 [01:50<02:32,  4.13s/it]
 44%|████▍     | 28/64 [01:53<02:18,  3.85s/it]
 45%|████▌     | 29/64 [01:57<02:16,  3.89s/it]
 47%|████▋     | 30/64 [02:00<02:09,  3.81s/it]
 48%|████▊     | 31/64 [02:04<02:04,  3.78s/it]
 50%|█████     | 32/64 [02:07<01:47,  3.37s/it]
 52%|█████▏    | 33/64 [02:13<02:09,  4.18s/it]
 53%|█████▎    | 34/64 [02:16<02:01,  4.03s/it]
 55%|█████▍    | 35/64 [02:21<01:58,  4.07s/it]
 56%|█████▋    | 36/64 [02:24<01:51,  3.97s/it]
 58%|█████▊    | 37/64 [02:28<01:43,  3.83s/it]
 59%|█████▉    | 38/64 [02:32<01:39,  3.82s/it]
 61%|██████    | 39/64 [02:37<01:46,  4.26s/it]
 62%|██████▎   | 40/64 [02:40<01:35,  3.97s/it]
 64%|██████▍   | 41/64 [02:45<01:37,  4.25s/it]
 66%|██████▌   | 42/64 [02:49<01:29,  4.05s/it]
 67%|██████▋   | 43/64 [02:52<01:21,  3.89s/it]
 69%|██████▉   | 44/64 [02:56<01:17,  3.89s/it]
 70%|███████   | 45/64 [03:00<01:11,  3.78s/it]
 72%|███████▏  | 46/64 [03:04<01:12,  4.02s/it]
 73%|███████▎  | 47/64 [03:08<01:05,  3.86s/it]
 75%|███████▌  | 48/64 [03:11<01:01,  3.83s/it]
 77%|███████▋  | 49/64 [03:15<00:57,  3.81s/it]
 78%|███████▊  | 50/64 [03:19<00:52,  3.72s/it]
 80%|███████▉  | 51/64 [03:23<00:51,  3.93s/it]
 81%|████████▏ | 52/64 [03:28<00:50,  4.22s/it]
 83%|████████▎ | 53/64 [03:32<00:46,  4.20s/it]
 84%|████████▍ | 54/64 [03:35<00:39,  3.93s/it]
 86%|████████▌ | 55/64 [03:39<00:33,  3.73s/it]
 88%|████████▊ | 56/64 [03:42<00:28,  3.52s/it]
 89%|████████▉ | 57/64 [03:45<00:23,  3.30s/it]
 91%|█████████ | 58/64 [03:48<00:20,  3.38s/it]
 92%|█████████▏| 59/64 [03:52<00:17,  3.53s/it]
 94%|█████████▍| 60/64 [03:56<00:14,  3.74s/it]
 95%|█████████▌| 61/64 [04:00<00:11,  3.71s/it]
 97%|█████████▋| 62/64 [04:04<00:07,  3.76s/it]
 98%|█████████▊| 63/64 [04:07<00:03,  3.72s/it]
100%|██████████| 64/64 [04:10<00:00,  3.40s/it]
100%|██████████| 64/64 [04:10<00:00,  3.91s/it]
X filter shape  (19501, 768)

  0%|          | 0/64 [00:00<?, ?it/s]
  2%|▏         | 1/64 [00:03<03:40,  3.50s/it]
  3%|▎         | 2/64 [00:06<03:07,  3.02s/it]
  5%|▍         | 3/64 [00:10<03:38,  3.58s/it]
  6%|▋         | 4/64 [00:13<03:23,  3.39s/it]
  8%|▊         | 5/64 [00:16<03:13,  3.27s/it]
  9%|▉         | 6/64 [00:20<03:23,  3.52s/it]
 11%|█         | 7/64 [00:24<03:31,  3.71s/it]
 12%|█▎        | 8/64 [00:27<03:17,  3.52s/it]
 14%|█▍        | 9/64 [00:30<03:07,  3.40s/it]
 16%|█▌        | 10/64 [00:34<02:59,  3.33s/it]
 17%|█▋        | 11/64 [00:37<02:50,  3.21s/it]
 19%|█▉        | 12/64 [00:41<03:02,  3.52s/it]
 20%|██        | 13/64 [00:45<03:03,  3.61s/it]
 22%|██▏       | 14/64 [00:48<03:00,  3.62s/it]
 23%|██▎       | 15/64 [00:52<02:56,  3.60s/it]
 25%|██▌       | 16/64 [00:54<02:34,  3.22s/it]
 27%|██▋       | 17/64 [00:56<02:16,  2.90s/it]
 28%|██▊       | 18/64 [01:00<02:27,  3.20s/it]
 30%|██▉       | 19/64 [01:03<02:22,  3.16s/it]
 31%|███▏      | 20/64 [01:06<02:19,  3.17s/it]
 33%|███▎      | 21/64 [01:10<02:17,  3.21s/it]
 34%|███▍      | 22/64 [01:13<02:10,  3.11s/it]
 36%|███▌      | 23/64 [01:16<02:14,  3.27s/it]
 38%|███▊      | 24/64 [01:21<02:28,  3.70s/it]
 39%|███▉      | 25/64 [01:26<02:39,  4.09s/it]
 41%|████      | 26/64 [01:28<02:17,  3.61s/it]
 42%|████▏     | 27/64 [01:33<02:19,  3.76s/it]
 44%|████▍     | 28/64 [01:36<02:16,  3.80s/it]
 45%|████▌     | 29/64 [01:40<02:11,  3.75s/it]
 47%|████▋     | 30/64 [01:44<02:04,  3.67s/it]
 48%|████▊     | 31/64 [01:47<02:01,  3.69s/it]
 50%|█████     | 32/64 [01:50<01:49,  3.42s/it]
 52%|█████▏    | 33/64 [01:52<01:34,  3.06s/it]
 53%|█████▎    | 34/64 [01:55<01:26,  2.87s/it]
 55%|█████▍    | 35/64 [01:58<01:30,  3.13s/it]
 56%|█████▋    | 36/64 [02:04<01:47,  3.86s/it]
 58%|█████▊    | 37/64 [02:08<01:44,  3.87s/it]
 59%|█████▉    | 38/64 [02:11<01:35,  3.69s/it]
 61%|██████    | 39/64 [02:14<01:26,  3.47s/it]
 62%|██████▎   | 40/64 [02:17<01:16,  3.17s/it]
 64%|██████▍   | 41/64 [02:21<01:19,  3.47s/it]
 66%|██████▌   | 42/64 [02:25<01:18,  3.58s/it]
 67%|██████▋   | 43/64 [02:28<01:10,  3.36s/it]
 69%|██████▉   | 44/64 [02:31<01:05,  3.26s/it]
 70%|███████   | 45/64 [02:35<01:06,  3.50s/it]
 72%|███████▏  | 46/64 [02:37<00:58,  3.25s/it]
 73%|███████▎  | 47/64 [02:41<00:58,  3.44s/it]
 75%|███████▌  | 48/64 [02:45<00:59,  3.69s/it]
 77%|███████▋  | 49/64 [02:49<00:53,  3.56s/it]
 78%|███████▊  | 50/64 [02:52<00:47,  3.37s/it]
 80%|███████▉  | 51/64 [02:54<00:40,  3.08s/it]
 81%|████████▏ | 52/64 [02:57<00:35,  2.98s/it]
 83%|████████▎ | 53/64 [03:01<00:36,  3.34s/it]
 84%|████████▍ | 54/64 [03:04<00:33,  3.31s/it]
 86%|████████▌ | 55/64 [03:08<00:29,  3.32s/it]
 88%|████████▊ | 56/64 [03:10<00:24,  3.10s/it]
 89%|████████▉ | 57/64 [03:14<00:23,  3.31s/it]
 91%|█████████ | 58/64 [03:18<00:21,  3.62s/it]
 92%|█████████▏| 59/64 [03:21<00:16,  3.39s/it]
 94%|█████████▍| 60/64 [03:25<00:13,  3.45s/it]
 95%|█████████▌| 61/64 [03:28<00:10,  3.38s/it]
 97%|█████████▋| 62/64 [03:31<00:06,  3.41s/it]
 98%|█████████▊| 63/64 [03:35<00:03,  3.47s/it]
100%|██████████| 64/64 [03:40<00:00,  3.96s/it]
100%|██████████| 64/64 [03:40<00:00,  3.45s/it]
X filter shape  (19001, 768)

  0%|          | 0/64 [00:00<?, ?it/s]
  2%|▏         | 1/64 [00:03<04:07,  3.93s/it]
  3%|▎         | 2/64 [00:07<03:37,  3.50s/it]
  5%|▍         | 3/64 [00:11<03:53,  3.82s/it]
  6%|▋         | 4/64 [00:15<03:52,  3.87s/it]
  8%|▊         | 5/64 [00:17<03:18,  3.36s/it]
  9%|▉         | 6/64 [00:21<03:22,  3.49s/it]
 11%|█         | 7/64 [00:25<03:27,  3.64s/it]
 12%|█▎        | 8/64 [00:28<03:18,  3.54s/it]
 14%|█▍        | 9/64 [00:33<03:37,  3.95s/it]
 16%|█▌        | 10/64 [00:36<03:07,  3.47s/it]
 17%|█▋        | 11/64 [00:38<02:49,  3.19s/it]
 19%|█▉        | 12/64 [00:42<02:58,  3.43s/it]
 20%|██        | 13/64 [00:45<02:46,  3.26s/it]
 22%|██▏       | 14/64 [00:48<02:37,  3.15s/it]
 23%|██▎       | 15/64 [00:52<02:44,  3.35s/it]
 25%|██▌       | 16/64 [00:56<02:54,  3.63s/it]
 27%|██▋       | 17/64 [00:59<02:46,  3.55s/it]
 28%|██▊       | 18/64 [01:04<02:55,  3.81s/it]
 30%|██▉       | 19/64 [01:07<02:45,  3.68s/it]
 31%|███▏      | 20/64 [01:12<02:55,  3.99s/it]
 33%|███▎      | 21/64 [01:15<02:47,  3.90s/it]
 34%|███▍      | 22/64 [01:19<02:36,  3.72s/it]
 36%|███▌      | 23/64 [01:22<02:24,  3.53s/it]
 38%|███▊      | 24/64 [01:25<02:12,  3.30s/it]
 39%|███▉      | 25/64 [01:28<02:14,  3.45s/it]
 41%|████      | 26/64 [01:31<02:05,  3.31s/it]
 42%|████▏     | 27/64 [01:35<02:05,  3.40s/it]
 44%|████▍     | 28/64 [01:38<01:53,  3.15s/it]
 45%|████▌     | 29/64 [01:40<01:37,  2.80s/it]
 47%|████▋     | 30/64 [01:42<01:32,  2.71s/it]
 48%|████▊     | 31/64 [01:44<01:26,  2.61s/it]
 50%|█████     | 32/64 [01:48<01:33,  2.93s/it]
 52%|█████▏    | 33/64 [01:51<01:28,  2.86s/it]
 53%|█████▎    | 34/64 [01:54<01:27,  2.92s/it]
 55%|█████▍    | 35/64 [01:58<01:38,  3.40s/it]
 56%|█████▋    | 36/64 [02:01<01:28,  3.17s/it]
 58%|█████▊    | 37/64 [02:05<01:30,  3.37s/it]
 59%|█████▉    | 38/64 [02:08<01:29,  3.43s/it]
 61%|██████    | 39/64 [02:11<01:21,  3.28s/it]
 62%|██████▎   | 40/64 [02:15<01:18,  3.27s/it]
 64%|██████▍   | 41/64 [02:18<01:15,  3.28s/it]
 66%|██████▌   | 42/64 [02:21<01:13,  3.36s/it]
 67%|██████▋   | 43/64 [02:25<01:13,  3.50s/it]
 69%|██████▉   | 44/64 [02:30<01:14,  3.73s/it]
 70%|███████   | 45/64 [02:34<01:12,  3.81s/it]
 72%|███████▏  | 46/64 [02:37<01:06,  3.67s/it]
 73%|███████▎  | 47/64 [02:41<01:04,  3.77s/it]
 75%|███████▌  | 48/64 [02:44<00:55,  3.48s/it]
 77%|███████▋  | 49/64 [02:47<00:49,  3.28s/it]
 78%|███████▊  | 50/64 [02:49<00:42,  3.06s/it]
 80%|███████▉  | 51/64 [02:52<00:39,  3.07s/it]
 81%|████████▏ | 52/64 [02:55<00:35,  2.97s/it]
 83%|████████▎ | 53/64 [02:58<00:32,  2.99s/it]
 84%|████████▍ | 54/64 [03:01<00:28,  2.87s/it]
 86%|████████▌ | 55/64 [03:04<00:28,  3.13s/it]
 88%|████████▊ | 56/64 [03:08<00:25,  3.23s/it]
 89%|████████▉ | 57/64 [03:11<00:22,  3.15s/it]
 91%|█████████ | 58/64 [03:14<00:18,  3.08s/it]
 92%|█████████▏| 59/64 [03:17<00:15,  3.14s/it]
 94%|█████████▍| 60/64 [03:20<00:12,  3.09s/it]
 95%|█████████▌| 61/64 [03:23<00:09,  3.10s/it]
 97%|█████████▋| 62/64 [03:26<00:06,  3.20s/it]
 98%|█████████▊| 63/64 [03:30<00:03,  3.33s/it]
100%|██████████| 64/64 [03:34<00:00,  3.60s/it]
100%|██████████| 64/64 [03:34<00:00,  3.36s/it]
X filter shape  (18845, 768)
Done running AFLite!
